<?xml version="1.0" encoding="UTF-8"?>
<testsuites name="CFP-feedback" time="9.506" tests="2" failures="2" errors="0">
   <testsuite name="CFP-feedback" tests="2" failures="2" errors="0" time="9.506" skipped="0" timestamp="2022-07-18 17:30:05" hostname="User - DESKTOP-7I3I0GG" id="Test Suites/CFP-feedback">
      <properties>
         <property name="deviceName" value=""/>
         <property name="devicePlatform" value=""/>
         <property name="logFolder" value="C:\\Users\\User\\Katalon Studio\\other-ins\\Reports\\20220718_172948\\CFP-feedback\\20220718_172948"/>
         <property name="logFiles" value="C:\\Users\\User\\Katalon Studio\\other-ins\\Reports\\20220718_172948\\CFP-feedback\\20220718_172948\\execution0.log"/>
         <property name="attachments" value=""/>
         <property name="hostName" value="User - DESKTOP-7I3I0GG"/>
         <property name="hostAddress" value="192.168.250.2"/>
         <property name="os" value="Windows 10 64bit"/>
         <property name="katalonVersion" value="8.1.0.208"/>
      </properties>
      <testcase name="Test Cases/CFP/2. other-ins_feedback CFP" time="5.751" classname="Test Cases/CFP/2. other-ins_feedback CFP" status="FAILED">
         <failure type="FAILED" message="Test Cases/CFP/2. other-ins_feedback CFP FAILED.
Reason:
com.kms.katalon.core.exception.StepFailedException: Unable to verify element property value (Root cause: org.xml.sax.SAXParseException; Premature end of file.
	at org.apache.xerces.parsers.AbstractSAXParser.parse(Unknown Source)
	at org.apache.xerces.jaxp.SAXParserImpl$JAXPSAXParser.parse(Unknown Source)
	at Script1.run(Script1.groovy:1)
	at com.kms.katalon.core.webservice.helper.WebServiceCommonHelper.parseAndGetPropertyValueForXml(WebServiceCommonHelper.java:143)
	at com.kms.katalon.core.webservice.keyword.builtin.VerifyElementPropertyValueKeyword$_verifyElementPropertyValue_closure1.doCall(VerifyElementPropertyValueKeyword.groovy:51)
	at com.kms.katalon.core.webservice.keyword.builtin.VerifyElementPropertyValueKeyword$_verifyElementPropertyValue_closure1.call(VerifyElementPropertyValueKeyword.groovy)
	at com.kms.katalon.core.keyword.internal.KeywordMain.runKeyword(KeywordMain.groovy:74)
	at com.kms.katalon.core.webservice.keyword.builtin.VerifyElementPropertyValueKeyword.verifyElementPropertyValue(VerifyElementPropertyValueKeyword.groovy:48)
	at com.kms.katalon.core.webservice.keyword.builtin.VerifyElementPropertyValueKeyword.execute(VerifyElementPropertyValueKeyword.groovy:43)
	at com.kms.katalon.core.keyword.internal.KeywordExecutor.executeKeywordForPlatform(KeywordExecutor.groovy:74)
	at com.kms.katalon.core.webservice.keyword.WSBuiltInKeywords.verifyElementPropertyValue(WSBuiltInKeywords.groovy:175)
	at com.kms.katalon.core.webservice.keyword.WSBuiltInKeywords$verifyElementPropertyValue$0.call(Unknown Source)
	at 2. other-ins_feedback CFP.run(2. other-ins_feedback CFP:44)
	at com.kms.katalon.core.main.ScriptEngine.run(ScriptEngine.java:194)
	at com.kms.katalon.core.main.ScriptEngine.runScriptAsRawText(ScriptEngine.java:119)
	at com.kms.katalon.core.main.TestCaseExecutor.runScript(TestCaseExecutor.java:430)
	at com.kms.katalon.core.main.TestCaseExecutor.doExecute(TestCaseExecutor.java:421)
	at com.kms.katalon.core.main.TestCaseExecutor.processExecutionPhase(TestCaseExecutor.java:400)
	at com.kms.katalon.core.main.TestCaseExecutor.accessMainPhase(TestCaseExecutor.java:392)
	at com.kms.katalon.core.main.TestCaseExecutor.execute(TestCaseExecutor.java:273)
	at com.kms.katalon.core.main.TestSuiteExecutor.accessTestCaseMainPhase(TestSuiteExecutor.java:202)
	at com.kms.katalon.core.main.TestSuiteExecutor.accessTestSuiteMainPhase(TestSuiteExecutor.java:164)
	at com.kms.katalon.core.main.TestSuiteExecutor.execute(TestSuiteExecutor.java:105)
	at com.kms.katalon.core.main.TestCaseMain.startTestSuite(TestCaseMain.java:185)
	at com.kms.katalon.core.main.TestCaseMain$startTestSuite$0.call(Unknown Source)
	at TempTestSuite1658140188899.run(TempTestSuite1658140188899.groovy:36)
)
	at com.kms.katalon.core.keyword.internal.KeywordMain.stepFailed(KeywordMain.groovy:39)
	at com.kms.katalon.core.keyword.internal.KeywordMain.stepFailed(KeywordMain.groovy)
	at com.kms.katalon.core.keyword.internal.KeywordMain.runKeyword(KeywordMain.groovy:76)
	at com.kms.katalon.core.webservice.keyword.builtin.VerifyElementPropertyValueKeyword.verifyElementPropertyValue(VerifyElementPropertyValueKeyword.groovy:48)
	at com.kms.katalon.core.webservice.keyword.builtin.VerifyElementPropertyValueKeyword.execute(VerifyElementPropertyValueKeyword.groovy:43)
	at com.kms.katalon.core.keyword.internal.KeywordExecutor.executeKeywordForPlatform(KeywordExecutor.groovy:74)
	at com.kms.katalon.core.webservice.keyword.WSBuiltInKeywords.verifyElementPropertyValue(WSBuiltInKeywords.groovy:175)
	at com.kms.katalon.core.webservice.keyword.WSBuiltInKeywords$verifyElementPropertyValue$0.call(Unknown Source)
	at 2. other-ins_feedback CFP.run(2. other-ins_feedback CFP:44)
	at com.kms.katalon.core.main.ScriptEngine.run(ScriptEngine.java:194)
	at com.kms.katalon.core.main.ScriptEngine.runScriptAsRawText(ScriptEngine.java:119)
	at com.kms.katalon.core.main.TestCaseExecutor.runScript(TestCaseExecutor.java:430)
	at com.kms.katalon.core.main.TestCaseExecutor.doExecute(TestCaseExecutor.java:421)
	at com.kms.katalon.core.main.TestCaseExecutor.processExecutionPhase(TestCaseExecutor.java:400)
	at com.kms.katalon.core.main.TestCaseExecutor.accessMainPhase(TestCaseExecutor.java:392)
	at com.kms.katalon.core.main.TestCaseExecutor.execute(TestCaseExecutor.java:273)
	at com.kms.katalon.core.main.TestSuiteExecutor.accessTestCaseMainPhase(TestSuiteExecutor.java:202)
	at com.kms.katalon.core.main.TestSuiteExecutor.accessTestSuiteMainPhase(TestSuiteExecutor.java:164)
	at com.kms.katalon.core.main.TestSuiteExecutor.execute(TestSuiteExecutor.java:105)
	at com.kms.katalon.core.main.TestCaseMain.startTestSuite(TestCaseMain.java:185)
	at com.kms.katalon.core.main.TestCaseMain$startTestSuite$0.call(Unknown Source)
	at TempTestSuite1658140188899.run(TempTestSuite1658140188899.groovy:36)
Caused by: org.xml.sax.SAXParseException; Premature end of file.
	at org.apache.xerces.parsers.AbstractSAXParser.parse(Unknown Source)
	at org.apache.xerces.jaxp.SAXParserImpl$JAXPSAXParser.parse(Unknown Source)
	at Script1.run(Script1.groovy:1)
	at com.kms.katalon.core.webservice.helper.WebServiceCommonHelper.parseAndGetPropertyValueForXml(WebServiceCommonHelper.java:143)
	at com.kms.katalon.core.webservice.keyword.builtin.VerifyElementPropertyValueKeyword$_verifyElementPropertyValue_closure1.doCall(VerifyElementPropertyValueKeyword.groovy:51)
	at com.kms.katalon.core.webservice.keyword.builtin.VerifyElementPropertyValueKeyword$_verifyElementPropertyValue_closure1.call(VerifyElementPropertyValueKeyword.groovy)
	at com.kms.katalon.core.keyword.internal.KeywordMain.runKeyword(KeywordMain.groovy:74)
	... 19 more
"/>
         <system-out><![CDATA[2022-07-18 17:30:05 - [TEST_CASE][FAILED] - Test Cases/CFP/2. other-ins_feedback CFP: Test Cases/CFP/2. other-ins_feedback CFP FAILED.
Reason:
com.kms.katalon.core.exception.StepFailedException: Unable to verify element property value (Root cause: org.xml.sax.SAXParseException; Premature end of file.
	at org.apache.xerces.parsers.AbstractSAXParser.parse(Unknown Source)
	at org.apache.xerces.jaxp.SAXParserImpl$JAXPSAXParser.parse(Unknown Source)
	at Script1.run(Script1.groovy:1)
	at com.kms.katalon.core.webservice.helper.WebServiceCommonHelper.parseAndGetPropertyValueForXml(WebServiceCommonHelper.java:143)
	at com.kms.katalon.core.webservice.keyword.builtin.VerifyElementPropertyValueKeyword$_verifyElementPropertyValue_closure1.doCall(VerifyElementPropertyValueKeyword.groovy:51)
	at com.kms.katalon.core.webservice.keyword.builtin.VerifyElementPropertyValueKeyword$_verifyElementPropertyValue_closure1.call(VerifyElementPropertyValueKeyword.groovy)
	at com.kms.katalon.core.keyword.internal.KeywordMain.runKeyword(KeywordMain.groovy:74)
	at com.kms.katalon.core.webservice.keyword.builtin.VerifyElementPropertyValueKeyword.verifyElementPropertyValue(VerifyElementPropertyValueKeyword.groovy:48)
	at com.kms.katalon.core.webservice.keyword.builtin.VerifyElementPropertyValueKeyword.execute(VerifyElementPropertyValueKeyword.groovy:43)
	at com.kms.katalon.core.keyword.internal.KeywordExecutor.executeKeywordForPlatform(KeywordExecutor.groovy:74)
	at com.kms.katalon.core.webservice.keyword.WSBuiltInKeywords.verifyElementPropertyValue(WSBuiltInKeywords.groovy:175)
	at com.kms.katalon.core.webservice.keyword.WSBuiltInKeywords$verifyElementPropertyValue$0.call(Unknown Source)
	at 2. other-ins_feedback CFP.run(2. other-ins_feedback CFP:44)
	at com.kms.katalon.core.main.ScriptEngine.run(ScriptEngine.java:194)
	at com.kms.katalon.core.main.ScriptEngine.runScriptAsRawText(ScriptEngine.java:119)
	at com.kms.katalon.core.main.TestCaseExecutor.runScript(TestCaseExecutor.java:430)
	at com.kms.katalon.core.main.TestCaseExecutor.doExecute(TestCaseExecutor.java:421)
	at com.kms.katalon.core.main.TestCaseExecutor.processExecutionPhase(TestCaseExecutor.java:400)
	at com.kms.katalon.core.main.TestCaseExecutor.accessMainPhase(TestCaseExecutor.java:392)
	at com.kms.katalon.core.main.TestCaseExecutor.execute(TestCaseExecutor.java:273)
	at com.kms.katalon.core.main.TestSuiteExecutor.accessTestCaseMainPhase(TestSuiteExecutor.java:202)
	at com.kms.katalon.core.main.TestSuiteExecutor.accessTestSuiteMainPhase(TestSuiteExecutor.java:164)
	at com.kms.katalon.core.main.TestSuiteExecutor.execute(TestSuiteExecutor.java:105)
	at com.kms.katalon.core.main.TestCaseMain.startTestSuite(TestCaseMain.java:185)
	at com.kms.katalon.core.main.TestCaseMain$startTestSuite$0.call(Unknown Source)
	at TempTestSuite1658140188899.run(TempTestSuite1658140188899.groovy:36)
)
	at com.kms.katalon.core.keyword.internal.KeywordMain.stepFailed(KeywordMain.groovy:39)
	at com.kms.katalon.core.keyword.internal.KeywordMain.stepFailed(KeywordMain.groovy)
	at com.kms.katalon.core.keyword.internal.KeywordMain.runKeyword(KeywordMain.groovy:76)
	at com.kms.katalon.core.webservice.keyword.builtin.VerifyElementPropertyValueKeyword.verifyElementPropertyValue(VerifyElementPropertyValueKeyword.groovy:48)
	at com.kms.katalon.core.webservice.keyword.builtin.VerifyElementPropertyValueKeyword.execute(VerifyElementPropertyValueKeyword.groovy:43)
	at com.kms.katalon.core.keyword.internal.KeywordExecutor.executeKeywordForPlatform(KeywordExecutor.groovy:74)
	at com.kms.katalon.core.webservice.keyword.WSBuiltInKeywords.verifyElementPropertyValue(WSBuiltInKeywords.groovy:175)
	at com.kms.katalon.core.webservice.keyword.WSBuiltInKeywords$verifyElementPropertyValue$0.call(Unknown Source)
	at 2. other-ins_feedback CFP.run(2. other-ins_feedback CFP:44)
	at com.kms.katalon.core.main.ScriptEngine.run(ScriptEngine.java:194)
	at com.kms.katalon.core.main.ScriptEngine.runScriptAsRawText(ScriptEngine.java:119)
	at com.kms.katalon.core.main.TestCaseExecutor.runScript(TestCaseExecutor.java:430)
	at com.kms.katalon.core.main.TestCaseExecutor.doExecute(TestCaseExecutor.java:421)
	at com.kms.katalon.core.main.TestCaseExecutor.processExecutionPhase(TestCaseExecutor.java:400)
	at com.kms.katalon.core.main.TestCaseExecutor.accessMainPhase(TestCaseExecutor.java:392)
	at com.kms.katalon.core.main.TestCaseExecutor.execute(TestCaseExecutor.java:273)
	at com.kms.katalon.core.main.TestSuiteExecutor.accessTestCaseMainPhase(TestSuiteExecutor.java:202)
	at com.kms.katalon.core.main.TestSuiteExecutor.accessTestSuiteMainPhase(TestSuiteExecutor.java:164)
	at com.kms.katalon.core.main.TestSuiteExecutor.execute(TestSuiteExecutor.java:105)
	at com.kms.katalon.core.main.TestCaseMain.startTestSuite(TestCaseMain.java:185)
	at com.kms.katalon.core.main.TestCaseMain$startTestSuite$0.call(Unknown Source)
	at TempTestSuite1658140188899.run(TempTestSuite1658140188899.groovy:36)
Caused by: org.xml.sax.SAXParseException; Premature end of file.
	at org.apache.xerces.parsers.AbstractSAXParser.parse(Unknown Source)
	at org.apache.xerces.jaxp.SAXParserImpl$JAXPSAXParser.parse(Unknown Source)
	at Script1.run(Script1.groovy:1)
	at com.kms.katalon.core.webservice.helper.WebServiceCommonHelper.parseAndGetPropertyValueForXml(WebServiceCommonHelper.java:143)
	at com.kms.katalon.core.webservice.keyword.builtin.VerifyElementPropertyValueKeyword$_verifyElementPropertyValue_closure1.doCall(VerifyElementPropertyValueKeyword.groovy:51)
	at com.kms.katalon.core.webservice.keyword.builtin.VerifyElementPropertyValueKeyword$_verifyElementPropertyValue_closure1.call(VerifyElementPropertyValueKeyword.groovy)
	at com.kms.katalon.core.keyword.internal.KeywordMain.runKeyword(KeywordMain.groovy:74)
	... 19 more


2022-07-18 17:30:06 - [TEST_STEP][PASSED] - token = sendRequest(findTestObject("CFP/credential CFP")): Send request successfully

2022-07-18 17:30:08 - [MESSAGE][INFO] - HAR: C:\Users\User\Katalon Studio\other-ins\Reports\20220718_172948\CFP-feedback\20220718_172948\requests\main\0.har

2022-07-18 17:30:09 - [MESSAGE][PASSED] - Send request successfully

2022-07-18 17:30:09 - [TEST_STEP][PASSED] - slurper = new groovy.json.JsonSlurper(): null

2022-07-18 17:30:09 - [TEST_STEP][PASSED] - get_token = slurper.parseText(token.getResponseBodyContent()): null

2022-07-18 17:30:09 - [TEST_STEP][PASSED] - private_token = access_token: null

2022-07-18 17:30:09 - [TEST_STEP][PASSED] - g_token = private_token: null

2022-07-18 17:30:09 - [TEST_STEP][PASSED] - println("token is :" + g_token): null

2022-07-18 17:30:09 - [TEST_STEP][PASSED] - response_token = token.getResponseText(): null

2022-07-18 17:30:09 - [TEST_STEP][PASSED] - logInfo($response_token): 
            {
                "token_type": "BearerToken",
                "access_token": "81WoDYyTcGonWXRZtKvrZoaIhdon",
                "expires_in": "1799",
                "scope": ""
            }
        

2022-07-18 17:30:09 - [MESSAGE][INFO] - 
            {
                "token_type": "BearerToken",
                "access_token": "81WoDYyTcGonWXRZtKvrZoaIhdon",
                "expires_in": "1799",
                "scope": ""
            }
        

2022-07-18 17:30:09 - [TEST_STEP][PASSED] - feedback = sendRequest(findTestObject("CFP/feedbackCFP", ["token":private_token, "norangka":norangka, "nokontrak":accno, "noimei":noimei, "nogsm":nogsm, "username":id])): Send request successfully

2022-07-18 17:30:10 - [MESSAGE][INFO] - HAR: C:\Users\User\Katalon Studio\other-ins\Reports\20220718_172948\CFP-feedback\20220718_172948\requests\main\1.har

2022-07-18 17:30:10 - [MESSAGE][PASSED] - Send request successfully

2022-07-18 17:30:10 - [TEST_STEP][FAILED] - verifyElementPropertyValue(feedback, "MessageCode", "000", CONTINUE_ON_FAILURE): Unable to verify element property value (Root cause: org.xml.sax.SAXParseException; Premature end of file.
	at org.apache.xerces.parsers.AbstractSAXParser.parse(Unknown Source)
	at org.apache.xerces.jaxp.SAXParserImpl$JAXPSAXParser.parse(Unknown Source)
	at Script1.run(Script1.groovy:1)
	at com.kms.katalon.core.webservice.helper.WebServiceCommonHelper.parseAndGetPropertyValueForXml(WebServiceCommonHelper.java:143)
	at com.kms.katalon.core.webservice.keyword.builtin.VerifyElementPropertyValueKeyword$_verifyElementPropertyValue_closure1.doCall(VerifyElementPropertyValueKeyword.groovy:51)
	at com.kms.katalon.core.webservice.keyword.builtin.VerifyElementPropertyValueKeyword$_verifyElementPropertyValue_closure1.call(VerifyElementPropertyValueKeyword.groovy)
	at com.kms.katalon.core.keyword.internal.KeywordMain.runKeyword(KeywordMain.groovy:74)
	at com.kms.katalon.core.webservice.keyword.builtin.VerifyElementPropertyValueKeyword.verifyElementPropertyValue(VerifyElementPropertyValueKeyword.groovy:48)
	at com.kms.katalon.core.webservice.keyword.builtin.VerifyElementPropertyValueKeyword.execute(VerifyElementPropertyValueKeyword.groovy:43)
	at com.kms.katalon.core.keyword.internal.KeywordExecutor.executeKeywordForPlatform(KeywordExecutor.groovy:74)
	at com.kms.katalon.core.webservice.keyword.WSBuiltInKeywords.verifyElementPropertyValue(WSBuiltInKeywords.groovy:175)
	at com.kms.katalon.core.webservice.keyword.WSBuiltInKeywords$verifyElementPropertyValue$0.call(Unknown Source)
	at 2. other-ins_feedback CFP.run(2. other-ins_feedback CFP:44)
	at com.kms.katalon.core.main.ScriptEngine.run(ScriptEngine.java:194)
	at com.kms.katalon.core.main.ScriptEngine.runScriptAsRawText(ScriptEngine.java:119)
	at com.kms.katalon.core.main.TestCaseExecutor.runScript(TestCaseExecutor.java:430)
	at com.kms.katalon.core.main.TestCaseExecutor.doExecute(TestCaseExecutor.java:421)
	at com.kms.katalon.core.main.TestCaseExecutor.processExecutionPhase(TestCaseExecutor.java:400)
	at com.kms.katalon.core.main.TestCaseExecutor.accessMainPhase(TestCaseExecutor.java:392)
	at com.kms.katalon.core.main.TestCaseExecutor.execute(TestCaseExecutor.java:273)
	at com.kms.katalon.core.main.TestSuiteExecutor.accessTestCaseMainPhase(TestSuiteExecutor.java:202)
	at com.kms.katalon.core.main.TestSuiteExecutor.accessTestSuiteMainPhase(TestSuiteExecutor.java:164)
	at com.kms.katalon.core.main.TestSuiteExecutor.execute(TestSuiteExecutor.java:105)
	at com.kms.katalon.core.main.TestCaseMain.startTestSuite(TestCaseMain.java:185)
	at com.kms.katalon.core.main.TestCaseMain$startTestSuite$0.call(Unknown Source)
	at TempTestSuite1658140188899.run(TempTestSuite1658140188899.groovy:36)
)

2022-07-18 17:30:11 - [MESSAGE][FAILED] - Unable to verify element property value (Root cause: org.xml.sax.SAXParseException; Premature end of file.
	at org.apache.xerces.parsers.AbstractSAXParser.parse(Unknown Source)
	at org.apache.xerces.jaxp.SAXParserImpl$JAXPSAXParser.parse(Unknown Source)
	at Script1.run(Script1.groovy:1)
	at com.kms.katalon.core.webservice.helper.WebServiceCommonHelper.parseAndGetPropertyValueForXml(WebServiceCommonHelper.java:143)
	at com.kms.katalon.core.webservice.keyword.builtin.VerifyElementPropertyValueKeyword$_verifyElementPropertyValue_closure1.doCall(VerifyElementPropertyValueKeyword.groovy:51)
	at com.kms.katalon.core.webservice.keyword.builtin.VerifyElementPropertyValueKeyword$_verifyElementPropertyValue_closure1.call(VerifyElementPropertyValueKeyword.groovy)
	at com.kms.katalon.core.keyword.internal.KeywordMain.runKeyword(KeywordMain.groovy:74)
	at com.kms.katalon.core.webservice.keyword.builtin.VerifyElementPropertyValueKeyword.verifyElementPropertyValue(VerifyElementPropertyValueKeyword.groovy:48)
	at com.kms.katalon.core.webservice.keyword.builtin.VerifyElementPropertyValueKeyword.execute(VerifyElementPropertyValueKeyword.groovy:43)
	at com.kms.katalon.core.keyword.internal.KeywordExecutor.executeKeywordForPlatform(KeywordExecutor.groovy:74)
	at com.kms.katalon.core.webservice.keyword.WSBuiltInKeywords.verifyElementPropertyValue(WSBuiltInKeywords.groovy:175)
	at com.kms.katalon.core.webservice.keyword.WSBuiltInKeywords$verifyElementPropertyValue$0.call(Unknown Source)
	at 2. other-ins_feedback CFP.run(2. other-ins_feedback CFP:44)
	at com.kms.katalon.core.main.ScriptEngine.run(ScriptEngine.java:194)
	at com.kms.katalon.core.main.ScriptEngine.runScriptAsRawText(ScriptEngine.java:119)
	at com.kms.katalon.core.main.TestCaseExecutor.runScript(TestCaseExecutor.java:430)
	at com.kms.katalon.core.main.TestCaseExecutor.doExecute(TestCaseExecutor.java:421)
	at com.kms.katalon.core.main.TestCaseExecutor.processExecutionPhase(TestCaseExecutor.java:400)
	at com.kms.katalon.core.main.TestCaseExecutor.accessMainPhase(TestCaseExecutor.java:392)
	at com.kms.katalon.core.main.TestCaseExecutor.execute(TestCaseExecutor.java:273)
	at com.kms.katalon.core.main.TestSuiteExecutor.accessTestCaseMainPhase(TestSuiteExecutor.java:202)
	at com.kms.katalon.core.main.TestSuiteExecutor.accessTestSuiteMainPhase(TestSuiteExecutor.java:164)
	at com.kms.katalon.core.main.TestSuiteExecutor.execute(TestSuiteExecutor.java:105)
	at com.kms.katalon.core.main.TestCaseMain.startTestSuite(TestCaseMain.java:185)
	at com.kms.katalon.core.main.TestCaseMain$startTestSuite$0.call(Unknown Source)
	at TempTestSuite1658140188899.run(TempTestSuite1658140188899.groovy:36)
)

2022-07-18 17:30:11 - [TEST_STEP][PASSED] - result_feedback = feedback.getResponseText(): null

2022-07-18 17:30:11 - [TEST_STEP][PASSED] - markPassed("accno : " + accno + " data ke : " + no): accno : 9490712653001 data ke : 1

2022-07-18 17:30:11 - [MESSAGE][PASSED] - accno : 9490712653001 data ke : 1

2022-07-18 17:30:11 - [TEST_STEP][PASSED] - logInfo($result_feedback): <?xml version="1.0" encoding="UTF-8"?>
<err:RestError xmlns:err="http://www.bea.com/wli/sb/errors"><err:errorMessage>Invoke JCA outbound service failed with application error, exception: com.bea.wli.sb.transports.jca.JCATransportException: oracle.tip.adapter.sa.api.JCABindingException: oracle.tip.adapter.sa.impl.fw.ext.org.collaxa.thirdparty.apache.wsif.WSIFException: servicebus:/CFP/Resources/DBAdapters/OtherFeedbackOrderStsCFP/OtherFeedbackOrderStsCFP.wsdl [ OtherFeedbackOrderStsCFP_ptt::OtherFeedbackOrderStsCFP(InputParameters,OutputParameters) ] - WSIF JCA Execute of operation 'OtherFeedbackOrderStsCFP' failed due to: Stored procedure invocation error.
Error while trying to prepare and execute the CSF.dbo.spHDI_API_FeedbackOrderStatusCFP_OSB API.
An error occurred while preparing and executing the CSF.dbo.spHDI_API_FeedbackOrderStatusCFP_OSB API. Cause: java.sql.SQLIntegrityConstraintViolationException: [FMWGEN][SQLServer JDBC Driver][SQLServer]Violation of PRIMARY KEY constraint 'PK_API_FeedbackOrderStatusCFP'. Cannot insert duplicate key in object 'dbo.API_FeedbackOrderStatusCFP'. The duplicate key value is (9490712653001).
; nested exception is: 
	BINDING.JCA-11811
Stored procedure invocation error.
Error while trying to prepare and execute the CSF.dbo.spHDI_API_FeedbackOrderStatusCFP_OSB API.
An error occurred while preparing and executing the CSF.dbo.spHDI_API_FeedbackOrderStatusCFP_OSB API. Cause: java.sql.SQLIntegrityConstraintViolationException: [FMWGEN][SQLServer JDBC Driver][SQLServer]Violation of PRIMARY KEY constraint 'PK_API_FeedbackOrderStatusCFP'. Cannot insert duplicate key in object 'dbo.API_FeedbackOrderStatusCFP'. The duplicate key value is (9490712653001).
Check to ensure that the API is defined in the database and that the parameters match the signature of the API.  This exception is considered not retriable, likely due to a modelling mistake.  To classify it as retriable instead add property nonRetriableErrorCodes with value "-2627" to your deployment descriptor (i.e. weblogic-ra.xml).  To auto retry a retriable fault set these composite.xml properties for this invoke: jca.retry.interval, jca.retry.count, and jca.retry.backoff.  All properties are integers.

com.bea.wli.sb.transports.jca.JCATransportException: oracle.tip.adapter.sa.api.JCABindingException: oracle.tip.adapter.sa.impl.fw.ext.org.collaxa.thirdparty.apache.wsif.WSIFException: servicebus:/CFP/Resources/DBAdapters/OtherFeedbackOrderStsCFP/OtherFeedbackOrderStsCFP.wsdl [ OtherFeedbackOrderStsCFP_ptt::OtherFeedbackOrderStsCFP(InputParameters,OutputParameters) ] - WSIF JCA Execute of operation 'OtherFeedbackOrderStsCFP' failed due to: Stored procedure invocation error.
Error while trying to prepare and execute the CSF.dbo.spHDI_API_FeedbackOrderStatusCFP_OSB API.
An error occurred while preparing and executing the CSF.dbo.spHDI_API_FeedbackOrderStatusCFP_OSB API. Cause: java.sql.SQLIntegrityConstraintViolationException: [FMWGEN][SQLServer JDBC Driver][SQLServer]Violation of PRIMARY KEY constraint 'PK_API_FeedbackOrderStatusCFP'. Cannot insert duplicate key in object 'dbo.API_FeedbackOrderStatusCFP'. The duplicate key value is (9490712653001).
; nested exception is: 
	BINDING.JCA-11811
Stored procedure invocation error.
Error while trying to prepare and execute the CSF.dbo.spHDI_API_FeedbackOrderStatusCFP_OSB API.
An error occurred while preparing and executing the CSF.dbo.spHDI_API_FeedbackOrderStatusCFP_OSB API. Cause: java.sql.SQLIntegrityConstraintViolationException: [FMWGEN][SQLServer JDBC Driver][SQLServer]Violation of PRIMARY KEY constraint 'PK_API_FeedbackOrderStatusCFP'. Cannot insert duplicate key in object 'dbo.API_FeedbackOrderStatusCFP'. The duplicate key value is (9490712653001).
Check to ensure that the API is defined in the database and that the parameters match the signature of the API.  This exception is considered not retriable, likely due to a modelling mistake.  To classify it as retriable instead add property nonRetriableErrorCodes with value "-2627" to your deployment descriptor (i.e. weblogic-ra.xml).  To auto retry a retriable fault set these composite.xml properties for this invoke: jca.retry.interval, jca.retry.count, and jca.retry.backoff.  All properties are integers.

	at com.bea.wli.sb.transports.jca.binding.JCATransportOutboundOperationBindingServiceImpl.invoke(JCATransportOutboundOperationBindingServiceImpl.java:171)
	at com.bea.wli.sb.transports.jca.JCATransportEndpoint.sendRequestResponse(JCATransportEndpoint.java:261)
	at com.bea.wli.sb.transports.jca.JCATransportEndpoint.send(JCATransportEndpoint.java:221)
	at com.bea.wli.sb.transports.jca.JCATransportProvider.sendMessageAsync(JCATransportProvider.java:674)
	at sun.reflect.GeneratedMethodAccessor1592.invoke(Unknown Source)
	at sun.reflect.DelegatingMethodAccessorImpl.invoke(DelegatingMethodAccessorImpl.java:43)
	at java.lang.reflect.Method.invoke(Method.java:498)
	at com.bea.wli.sb.transports.Util$1.invoke(Util.java:80)
	at com.sun.proxy.$Proxy253.sendMessageAsync(Unknown Source)
	at com.bea.wli.sb.transports.TransportManagerImpl.sendMessageToService(TransportManagerImpl.java:487)
	at com.bea.wli.sb.transports.TransportManagerImpl.sendMessageAsync(TransportManagerImpl.java:375)
	at com.bea.wli.sb.service.handlerchain.handlers.TransportProviderInvoker.dispatch(TransportProviderInvoker.java:87)
	at com.bea.wli.sb.service.handlerchain.handlers.AbstractHandler.dispatch(AbstractHandler.java:129)
	at com.bea.wli.sb.service.handlerchain.handlers.EndpointManagementHandler.dispatch(EndpointManagementHandler.java:47)
	at com.bea.wli.sb.service.handlerchain.handlers.AbstractHandler.dispatch(AbstractHandler.java:129)
	at com.bea.wli.sb.service.handlerchain.handlers.UpdateOutboundStatistics.dispatch(UpdateOutboundStatistics.java:65)
	at com.bea.wli.sb.service.handlerchain.handlers.LoadBalanceFailover$LoadBalanceFailoverHelper.sendMessageAsync(LoadBalanceFailover.java:422)
	at com.bea.wli.sb.service.handlerchain.handlers.LoadBalanceFailover$LoadBalanceFailoverHelper.sendMessageToServiceAsync(LoadBalanceFailover.java:346)
	at com.bea.wli.sb.service.handlerchain.handlers.LoadBalanceFailover$LoadBalanceFailoverHelper.sendMessageToService(LoadBalanceFailover.java:293)
	at com.bea.wli.sb.service.handlerchain.handlers.LoadBalanceFailover.dispatch(LoadBalanceFailover.java:162)
	at com.bea.wli.sb.service.handlerchain.handlers.AbstractHandler.dispatch(AbstractHandler.java:129)
	at com.bea.wli.sb.service.handlerchain.handlers.OutboundMessageContentHandler.dispatch(OutboundMessageContentHandler.java:70)
	at com.bea.wli.sb.service.handlerchain.handlers.AbstractHandler.dispatch(AbstractHandler.java:129)
	at com.bea.wli.sb.service.handlerchain.handlers.CheckTxDeadlock.dispatch(CheckTxDeadlock.java:54)
	at com.bea.wli.sb.service.handlerchain.handlers.AbstractHandler.dispatch(AbstractHandler.java:129)
	at com.bea.wli.sb.service.handlerchain.handlers.ResultCachingHandler.dispatch(ResultCachingHandler.java:113)
	at com.bea.wli.sb.service.handlerchain.handlers.AbstractHandler.dispatch(AbstractHandler.java:129)
	at com.bea.wli.sb.service.handlerchain.handlers.SetSoapAction.dispatch(SetSoapAction.java:167)
	at com.bea.wli.sb.service.handlerchain.handlers.AbstractHandler.dispatch(AbstractHandler.java:129)
	at com.bea.wli.sb.service.handlerchain.handlers.OutboundMessagePatternHandler.dispatch(OutboundMessagePatternHandler.java:174)
	at com.bea.wli.sb.service.handlerchain.handlers.AbstractHandler.dispatch(AbstractHandler.java:129)
	at com.bea.wli.sb.service.handlerchain.DefaultOutboundHandlerChain.dispatch(DefaultOutboundHandlerChain.java:114)
	at com.bea.wli.sb.service.dispatcher.TransportDispatcher.dispatch(TransportDispatcher.java:58)
	at com.bea.wli.sb.context.PipelineDispatcherClient.dispatch(PipelineDispatcherClient.java:216)
	at com.bea.wli.sb.pipeline.PipelineContextImpl.doDispatch(PipelineContextImpl.java:515)
	at com.bea.wli.sb.pipeline.PipelineContextImpl.dispatch(PipelineContextImpl.java:491)
	at stages.routing.runtime.RouteRuntimeStep.processMessage(RouteRuntimeStep.java:186)
	at com.bea.wli.sb.stages.StageMetadataImpl$WrapperRuntimeStep.processMessage(StageMetadataImpl.java:384)
	at com.bea.wli.sb.pipeline.components.RouteNode.doRequest(RouteNode.java:137)
	at com.bea.wli.sb.pipeline.components.Node.processMessage(Node.java:82)
	at com.bea.wli.sb.pipeline.PipelineContextImpl.execute(PipelineContextImpl.java:902)
	at com.bea.wli.sb.pipeline.components.Router.processMessage(Router.java:209)
	at com.bea.wli.sb.pipeline.MessageProcessor.processRequest(MessageProcessor.java:89)
	at com.bea.wli.sb.pipeline.dispatcher.PipelineDispatcher$1.run(PipelineDispatcher.java:142)
	at com.bea.wli.sb.pipeline.dispatcher.PipelineDispatcher$1.run(PipelineDispatcher.java:138)
	at weblogic.security.acl.internal.AuthenticatedSubject.doAs(AuthenticatedSubject.java:368)
	at weblogic.security.service.SecurityManager.runAs(SecurityManager.java:163)
	at com.bea.wli.sb.util.security.SecurityUtils.executeAs(SecurityUtils.java:102)
	at com.bea.wli.sb.security.WLSSecurityContextService.executeAs(WLSSecurityContextService.java:55)
	at com.bea.wli.sb.pipeline.dispatcher.PipelineDispatcher.dispatch(PipelineDispatcher.java:136)
	at com.bea.wli.sb.service.handlerchain.handlers.ServiceInvoker.dispatch(ServiceInvoker.java:156)
	at com.bea.wli.sb.service.handlerchain.handlers.AbstractHandler.dispatch(AbstractHandler.java:129)
	at com.bea.wli.sb.service.handlerchain.handlers.DefaultInboundErrorHandler.dispatch(DefaultInboundErrorHandler.java:44)
	at com.bea.wli.sb.service.handlerchain.handlers.InboundWsdlRestHandler.dispatch(InboundWsdlRestHandler.java:149)
	at com.bea.wli.sb.service.handlerchain.handlers.AbstractHandler.dispatch(AbstractHandler.java:129)
	at com.bea.wli.sb.service.handlerchain.handlers.UpdateInboundOperationalStatistics.dispatch(UpdateInboundOperationalStatistics.java:75)
	at com.bea.wli.sb.service.handlerchain.handlers.AbstractHandler.dispatch(AbstractHandler.java:129)
	at com.bea.wli.sb.service.handlerchain.handlers.InboundMessageContentHandler.dispatch(InboundMessageContentHandler.java:170)
	at com.bea.wli.sb.service.handlerchain.handlers.AbstractHandler.dispatch(AbstractHandler.java:129)
	at com.bea.wli.sb.service.handlerchain.handlers.CheckAccessControl.dispatch(CheckAccessControl.java:73)
	at com.bea.wli.sb.service.handlerchain.handlers.AbstractHandler.dispatch(AbstractHandler.java:129)
	at com.bea.wli.sb.service.handlerchain.handlers.UpdateInboundTransportStatistics.dispatch(UpdateInboundTransportStatistics.java:64)
	at com.bea.wli.sb.service.handlerchain.handlers.AbstractHandler.dispatch(AbstractHandler.java:129)
	at com.bea.wli.sb.service.handlerchain.handlers.AbstractHandler.dispatch(AbstractHandler.java:129)
	at com.bea.wli.sb.service.handlerchain.handlers.DefaultInboundErrorHandler.dispatch(DefaultInboundErrorHandler.java:44)
	at com.bea.wli.sb.service.handlerchain.DefaultInboundHandlerChain.dispatch(DefaultInboundHandlerChain.java:135)
	at com.bea.wli.sb.transports.TransportDispatcherClient.dispatch(TransportDispatcherClient.java:96)
	at com.bea.wli.sb.transports.TransportManagerImpl.receiveMessage(TransportManagerImpl.java:330)
	at com.bea.wli.sb.transports.http.wls.rest.RuntimeInvoker$1.run(RuntimeInvoker.java:149)
	at com.bea.wli.sb.transports.http.wls.rest.RuntimeInvoker$1.run(RuntimeInvoker.java:146)
	at weblogic.security.acl.internal.AuthenticatedSubject.doAs(AuthenticatedSubject.java:368)
	at weblogic.security.service.SecurityManager.runAs(SecurityManager.java:163)
	at com.bea.wli.sb.util.security.SecurityUtils.executeAs(SecurityUtils.java:102)
	at com.bea.wli.sb.transports.http.wls.rest.RuntimeInvoker.invokeHelper(RuntimeInvoker.java:144)
	at com.bea.wli.sb.transports.http.wls.rest.RuntimeInvoker.invokeAsync(RuntimeInvoker.java:83)
	at _OSB_REST_Resource_7834898473273707866.OtherFeedbackOrderStsCFPOpr(_OSB_REST_Resource_7834898473273707866.java:31)
	at sun.reflect.NativeMethodAccessorImpl.invoke0(Native Method)
	at sun.reflect.NativeMethodAccessorImpl.invoke(NativeMethodAccessorImpl.java:62)
	at sun.reflect.DelegatingMethodAccessorImpl.invoke(DelegatingMethodAccessorImpl.java:43)
	at java.lang.reflect.Method.invoke(Method.java:498)
	at org.glassfish.jersey.server.model.internal.ResourceMethodInvocationHandlerFactory$1.invoke(ResourceMethodInvocationHandlerFactory.java:81)
	at org.glassfish.jersey.server.model.internal.AbstractJavaResourceMethodDispatcher$1.run(AbstractJavaResourceMethodDispatcher.java:144)
	at org.glassfish.jersey.server.model.internal.AbstractJavaResourceMethodDispatcher.invoke(AbstractJavaResourceMethodDispatcher.java:161)
	at org.glassfish.jersey.server.model.internal.JavaResourceMethodDispatcherProvider$VoidOutInvoker.doDispatch(JavaResourceMethodDispatcherProvider.java:143)
	at org.glassfish.jersey.server.model.internal.AbstractJavaResourceMethodDispatcher.dispatch(AbstractJavaResourceMethodDispatcher.java:99)
	at org.glassfish.jersey.server.model.ResourceMethodInvoker.invoke(ResourceMethodInvoker.java:389)
	at org.glassfish.jersey.server.model.ResourceMethodInvoker.apply(ResourceMethodInvoker.java:347)
	at org.glassfish.jersey.server.model.ResourceMethodInvoker.apply(ResourceMethodInvoker.java:102)
	at org.glassfish.jersey.server.ServerRuntime$2.run(ServerRuntime.java:326)
	at org.glassfish.jersey.internal.Errors$1.call(Errors.java:271)
	at org.glassfish.jersey.internal.Errors$1.call(Errors.java:267)
	at org.glassfish.jersey.internal.Errors.process(Errors.java:315)
	at org.glassfish.jersey.internal.Errors.process(Errors.java:297)
	at org.glassfish.jersey.internal.Errors.process(Errors.java:267)
	at org.glassfish.jersey.process.internal.RequestScope.runInScope(RequestScope.java:317)
	at org.glassfish.jersey.server.ServerRuntime.process(ServerRuntime.java:305)
	at org.glassfish.jersey.server.ApplicationHandler.handle(ApplicationHandler.java:1154)
	at org.glassfish.jersey.servlet.WebComponent.serviceImpl(WebComponent.java:473)
	at org.glassfish.jersey.servlet.WebComponent.service(WebComponent.java:427)
	at org.glassfish.jersey.servlet.ServletContainer.service(ServletContainer.java:388)
	at org.glassfish.jersey.servlet.ServletContainer.service(ServletContainer.java:341)
	at org.glassfish.jersey.servlet.ServletContainer.service(ServletContainer.java:228)
	at weblogic.servlet.internal.StubSecurityHelper$ServletServiceAction.run(StubSecurityHelper.java:286)
	at weblogic.servlet.internal.StubSecurityHelper$ServletServiceAction.run(StubSecurityHelper.java:260)
	at weblogic.servlet.internal.StubSecurityHelper.invokeServlet(StubSecurityHelper.java:137)
	at weblogic.servlet.internal.ServletStubImpl.execute(ServletStubImpl.java:350)
	at weblogic.servlet.internal.TailFilter.doFilter(TailFilter.java:25)
	at weblogic.servlet.internal.FilterChainImpl.doFilter(FilterChainImpl.java:78)
	at oracle.dms.servlet.DMSServletFilter.doFilter(DMSServletFilter.java:248)
	at weblogic.servlet.internal.FilterChainImpl.doFilter(FilterChainImpl.java:78)
	at weblogic.servlet.internal.WebAppServletContext$ServletInvocationAction.wrapRun(WebAppServletContext.java:3701)
	at weblogic.servlet.internal.WebAppServletContext$ServletInvocationAction.run(WebAppServletContext.java:3667)
	at weblogic.security.acl.internal.AuthenticatedSubject.doAs(AuthenticatedSubject.java:326)
	at weblogic.security.service.SecurityManager.runAsForUserCode(SecurityManager.java:197)
	at weblogic.servlet.provider.WlsSecurityProvider.runAsForUserCode(WlsSecurityProvider.java:203)
	at weblogic.servlet.provider.WlsSubjectHandle.run(WlsSubjectHandle.java:71)
	at weblogic.servlet.internal.WebAppServletContext.doSecuredExecute(WebAppServletContext.java:2443)
	at weblogic.servlet.internal.WebAppServletContext.securedExecute(WebAppServletContext.java:2291)
	at weblogic.servlet.internal.WebAppServletContext.execute(WebAppServletContext.java:2269)
	at weblogic.servlet.internal.ServletRequestImpl.runInternal(ServletRequestImpl.java:1703)
	at weblogic.servlet.internal.ServletRequestImpl.run(ServletRequestImpl.java:1663)
	at weblogic.servlet.provider.ContainerSupportProviderImpl$WlsRequestExecutor.run(ContainerSupportProviderImpl.java:272)
	at weblogic.invocation.ComponentInvocationContextManager._runAs(ComponentInvocationContextManager.java:352)
	at weblogic.invocation.ComponentInvocationContextManager.runAs(ComponentInvocationContextManager.java:337)
	at weblogic.work.LivePartitionUtility.doRunWorkUnderContext(LivePartitionUtility.java:57)
	at weblogic.work.PartitionUtility.runWorkUnderContext(PartitionUtility.java:41)
	at weblogic.work.SelfTuningWorkManagerImpl.runWorkUnderContext(SelfTuningWorkManagerImpl.java:644)
	at weblogic.work.ExecuteThread.execute(ExecuteThread.java:415)
	at weblogic.work.ExecuteThread.run(ExecuteThread.java:355)
Caused by: oracle.tip.adapter.sa.api.JCABindingException: oracle.tip.adapter.sa.impl.fw.ext.org.collaxa.thirdparty.apache.wsif.WSIFException: servicebus:/CFP/Resources/DBAdapters/OtherFeedbackOrderStsCFP/OtherFeedbackOrderStsCFP.wsdl [ OtherFeedbackOrderStsCFP_ptt::OtherFeedbackOrderStsCFP(InputParameters,OutputParameters) ] - WSIF JCA Execute of operation 'OtherFeedbackOrderStsCFP' failed due to: Stored procedure invocation error.
Error while trying to prepare and execute the CSF.dbo.spHDI_API_FeedbackOrderStatusCFP_OSB API.
An error occurred while preparing and executing the CSF.dbo.spHDI_API_FeedbackOrderStatusCFP_OSB API. Cause: java.sql.SQLIntegrityConstraintViolationException: [FMWGEN][SQLServer JDBC Driver][SQLServer]Violation of PRIMARY KEY constraint 'PK_API_FeedbackOrderStatusCFP'. Cannot insert duplicate key in object 'dbo.API_FeedbackOrderStatusCFP'. The duplicate key value is (9490712653001).
; nested exception is: 
	BINDING.JCA-11811
Stored procedure invocation error.
Error while trying to prepare and execute the CSF.dbo.spHDI_API_FeedbackOrderStatusCFP_OSB API.
An error occurred while preparing and executing the CSF.dbo.spHDI_API_FeedbackOrderStatusCFP_OSB API. Cause: java.sql.SQLIntegrityConstraintViolationException: [FMWGEN][SQLServer JDBC Driver][SQLServer]Violation of PRIMARY KEY constraint 'PK_API_FeedbackOrderStatusCFP'. Cannot insert duplicate key in object 'dbo.API_FeedbackOrderStatusCFP'. The duplicate key value is (9490712653001).
Check to ensure that the API is defined in the database and that the parameters match the signature of the API.  This exception is considered not retriable, likely due to a modelling mistake.  To classify it as retriable instead add property nonRetriableErrorCodes with value "-2627" to your deployment descriptor (i.e. weblogic-ra.xml).  To auto retry a retriable fault set these composite.xml properties for this invoke: jca.retry.interval, jca.retry.count, and jca.retry.backoff.  All properties are integers.

	at oracle.tip.adapter.sa.impl.JCABindingReferenceImpl.request(JCABindingReferenceImpl.java:321)
	at com.bea.wli.sb.transports.jca.binding.JCATransportOutboundOperationBindingServiceImpl.invoke(JCATransportOutboundOperationBindingServiceImpl.java:166)
	... 128 more
Caused by: oracle.tip.adapter.sa.impl.fw.ext.org.collaxa.thirdparty.apache.wsif.WSIFException: servicebus:/CFP/Resources/DBAdapters/OtherFeedbackOrderStsCFP/OtherFeedbackOrderStsCFP.wsdl [ OtherFeedbackOrderStsCFP_ptt::OtherFeedbackOrderStsCFP(InputParameters,OutputParameters) ] - WSIF JCA Execute of operation 'OtherFeedbackOrderStsCFP' failed due to: Stored procedure invocation error.
Error while trying to prepare and execute the CSF.dbo.spHDI_API_FeedbackOrderStatusCFP_OSB API.
An error occurred while preparing and executing the CSF.dbo.spHDI_API_FeedbackOrderStatusCFP_OSB API. Cause: java.sql.SQLIntegrityConstraintViolationException: [FMWGEN][SQLServer JDBC Driver][SQLServer]Violation of PRIMARY KEY constraint 'PK_API_FeedbackOrderStatusCFP'. Cannot insert duplicate key in object 'dbo.API_FeedbackOrderStatusCFP'. The duplicate key value is (9490712653001).
; nested exception is: 
	BINDING.JCA-11811
Stored procedure invocation error.
Error while trying to prepare and execute the CSF.dbo.spHDI_API_FeedbackOrderStatusCFP_OSB API.
An error occurred while preparing and executing the CSF.dbo.spHDI_API_FeedbackOrderStatusCFP_OSB API. Cause: java.sql.SQLIntegrityConstraintViolationException: [FMWGEN][SQLServer JDBC Driver][SQLServer]Violation of PRIMARY KEY constraint 'PK_API_FeedbackOrderStatusCFP'. Cannot insert duplicate key in object 'dbo.API_FeedbackOrderStatusCFP'. The duplicate key value is (9490712653001).
Check to ensure that the API is defined in the database and that the parameters match the signature of the API.  This exception is considered not retriable, likely due to a modelling mistake.  To classify it as retriable instead add property nonRetriableErrorCodes with value "-2627" to your deployment descriptor (i.e. weblogic-ra.xml).  To auto retry a retriable fault set these composite.xml properties for this invoke: jca.retry.interval, jca.retry.count, and jca.retry.backoff.  All properties are integers.

	at oracle.tip.adapter.sa.impl.fw.wsif.jca.WSIFOperation_JCA.performOperation(WSIFOperation_JCA.java:707)
	at oracle.tip.adapter.sa.impl.fw.wsif.jca.WSIFOperation_JCA.executeOperation(WSIFOperation_JCA.java:387)
	at oracle.tip.adapter.sa.impl.fw.wsif.jca.WSIFOperation_JCA.executeRequestResponseOperation(WSIFOperation_JCA.java:346)
	at oracle.tip.adapter.sa.impl.JCABindingReferenceImpl.invokeWsifProvider(JCABindingReferenceImpl.java:418)
	at oracle.tip.adapter.sa.impl.JCABindingReferenceImpl.request(JCABindingReferenceImpl.java:319)
	... 129 more
Caused by: BINDING.JCA-11811
Stored procedure invocation error.
Error while trying to prepare and execute the CSF.dbo.spHDI_API_FeedbackOrderStatusCFP_OSB API.
An error occurred while preparing and executing the CSF.dbo.spHDI_API_FeedbackOrderStatusCFP_OSB API. Cause: java.sql.SQLIntegrityConstraintViolationException: [FMWGEN][SQLServer JDBC Driver][SQLServer]Violation of PRIMARY KEY constraint 'PK_API_FeedbackOrderStatusCFP'. Cannot insert duplicate key in object 'dbo.API_FeedbackOrderStatusCFP'. The duplicate key value is (9490712653001).
Check to ensure that the API is defined in the database and that the parameters match the signature of the API.  This exception is considered not retriable, likely due to a modelling mistake.  To classify it as retriable instead add property nonRetriableErrorCodes with value "-2627" to your deployment descriptor (i.e. weblogic-ra.xml).  To auto retry a retriable fault set these composite.xml properties for this invoke: jca.retry.interval, jca.retry.count, and jca.retry.backoff.  All properties are integers.

	at oracle.tip.adapter.db.exceptions.DBResourceException.createNonRetriableException(DBResourceException.java:690)
	at oracle.tip.adapter.db.exceptions.DBResourceException.createEISException(DBResourceException.java:656)
	at oracle.tip.adapter.db.sp.SPUtil.createResourceException(SPUtil.java:186)
	at oracle.tip.adapter.db.sp.AbstractStoredProcedure.execute(AbstractStoredProcedure.java:150)
	at oracle.tip.adapter.db.sp.SPInteraction.executeStoredProcedure(SPInteraction.java:155)
	at oracle.tip.adapter.db.DBInteraction.executeStoredProcedure(DBInteraction.java:1355)
	at oracle.tip.adapter.db.DBInteraction.execute(DBInteraction.java:306)
	at oracle.tip.adapter.sa.impl.fw.wsif.jca.WSIFOperation_JCA.performOperation(WSIFOperation_JCA.java:576)
	... 133 more
Caused by: java.sql.SQLIntegrityConstraintViolationException: [FMWGEN][SQLServer JDBC Driver][SQLServer]Violation of PRIMARY KEY constraint 'PK_API_FeedbackOrderStatusCFP'. Cannot insert duplicate key in object 'dbo.API_FeedbackOrderStatusCFP'. The duplicate key value is (9490712653001).
	at weblogic.jdbc.sqlserverbase.ddcw.b(Unknown Source)
	at weblogic.jdbc.sqlserverbase.ddcw.a(Unknown Source)
	at weblogic.jdbc.sqlserverbase.ddcv.b(Unknown Source)
	at weblogic.jdbc.sqlserverbase.ddcv.a(Unknown Source)
	at weblogic.jdbc.sqlserver.tds.ddr.v(Unknown Source)
	at weblogic.jdbc.sqlserver.tds.ddr.a(Unknown Source)
	at weblogic.jdbc.sqlserver.tds.ddq.a(Unknown Source)
	at weblogic.jdbc.sqlserver.tds.ddr.c(Unknown Source)
	at weblogic.jdbc.sqlserver.dda3.m(Unknown Source)
	at weblogic.jdbc.sqlserverbase.dde7.e(Unknown Source)
	at weblogic.jdbc.sqlserverbase.dde7.a(Unknown Source)
	at weblogic.jdbc.sqlserverbase.ddd2.a(Unknown Source)
	at weblogic.jdbc.sqlserverbase.dde7.x(Unknown Source)
	at weblogic.jdbc.sqlserverbase.dde7.t(Unknown Source)
	at weblogic.jdbc.sqlserverbase.ddd2.execute(Unknown Source)
	at weblogic.jdbc.wrapper.PreparedStatement.execute(PreparedStatement.java:119)
	at oracle.tip.adapter.db.sp.AbstractStoredProcedure.execute(AbstractStoredProcedure.java:141)
	... 137 more
</err:errorMessage><err:errorCode>OSB-380001</err:errorCode></err:RestError>

2022-07-18 17:30:11 - [MESSAGE][INFO] - <?xml version="1.0" encoding="UTF-8"?>
<err:RestError xmlns:err="http://www.bea.com/wli/sb/errors"><err:errorMessage>Invoke JCA outbound service failed with application error, exception: com.bea.wli.sb.transports.jca.JCATransportException: oracle.tip.adapter.sa.api.JCABindingException: oracle.tip.adapter.sa.impl.fw.ext.org.collaxa.thirdparty.apache.wsif.WSIFException: servicebus:/CFP/Resources/DBAdapters/OtherFeedbackOrderStsCFP/OtherFeedbackOrderStsCFP.wsdl [ OtherFeedbackOrderStsCFP_ptt::OtherFeedbackOrderStsCFP(InputParameters,OutputParameters) ] - WSIF JCA Execute of operation 'OtherFeedbackOrderStsCFP' failed due to: Stored procedure invocation error.
Error while trying to prepare and execute the CSF.dbo.spHDI_API_FeedbackOrderStatusCFP_OSB API.
An error occurred while preparing and executing the CSF.dbo.spHDI_API_FeedbackOrderStatusCFP_OSB API. Cause: java.sql.SQLIntegrityConstraintViolationException: [FMWGEN][SQLServer JDBC Driver][SQLServer]Violation of PRIMARY KEY constraint 'PK_API_FeedbackOrderStatusCFP'. Cannot insert duplicate key in object 'dbo.API_FeedbackOrderStatusCFP'. The duplicate key value is (9490712653001).
; nested exception is: 
	BINDING.JCA-11811
Stored procedure invocation error.
Error while trying to prepare and execute the CSF.dbo.spHDI_API_FeedbackOrderStatusCFP_OSB API.
An error occurred while preparing and executing the CSF.dbo.spHDI_API_FeedbackOrderStatusCFP_OSB API. Cause: java.sql.SQLIntegrityConstraintViolationException: [FMWGEN][SQLServer JDBC Driver][SQLServer]Violation of PRIMARY KEY constraint 'PK_API_FeedbackOrderStatusCFP'. Cannot insert duplicate key in object 'dbo.API_FeedbackOrderStatusCFP'. The duplicate key value is (9490712653001).
Check to ensure that the API is defined in the database and that the parameters match the signature of the API.  This exception is considered not retriable, likely due to a modelling mistake.  To classify it as retriable instead add property nonRetriableErrorCodes with value "-2627" to your deployment descriptor (i.e. weblogic-ra.xml).  To auto retry a retriable fault set these composite.xml properties for this invoke: jca.retry.interval, jca.retry.count, and jca.retry.backoff.  All properties are integers.

com.bea.wli.sb.transports.jca.JCATransportException: oracle.tip.adapter.sa.api.JCABindingException: oracle.tip.adapter.sa.impl.fw.ext.org.collaxa.thirdparty.apache.wsif.WSIFException: servicebus:/CFP/Resources/DBAdapters/OtherFeedbackOrderStsCFP/OtherFeedbackOrderStsCFP.wsdl [ OtherFeedbackOrderStsCFP_ptt::OtherFeedbackOrderStsCFP(InputParameters,OutputParameters) ] - WSIF JCA Execute of operation 'OtherFeedbackOrderStsCFP' failed due to: Stored procedure invocation error.
Error while trying to prepare and execute the CSF.dbo.spHDI_API_FeedbackOrderStatusCFP_OSB API.
An error occurred while preparing and executing the CSF.dbo.spHDI_API_FeedbackOrderStatusCFP_OSB API. Cause: java.sql.SQLIntegrityConstraintViolationException: [FMWGEN][SQLServer JDBC Driver][SQLServer]Violation of PRIMARY KEY constraint 'PK_API_FeedbackOrderStatusCFP'. Cannot insert duplicate key in object 'dbo.API_FeedbackOrderStatusCFP'. The duplicate key value is (9490712653001).
; nested exception is: 
	BINDING.JCA-11811
Stored procedure invocation error.
Error while trying to prepare and execute the CSF.dbo.spHDI_API_FeedbackOrderStatusCFP_OSB API.
An error occurred while preparing and executing the CSF.dbo.spHDI_API_FeedbackOrderStatusCFP_OSB API. Cause: java.sql.SQLIntegrityConstraintViolationException: [FMWGEN][SQLServer JDBC Driver][SQLServer]Violation of PRIMARY KEY constraint 'PK_API_FeedbackOrderStatusCFP'. Cannot insert duplicate key in object 'dbo.API_FeedbackOrderStatusCFP'. The duplicate key value is (9490712653001).
Check to ensure that the API is defined in the database and that the parameters match the signature of the API.  This exception is considered not retriable, likely due to a modelling mistake.  To classify it as retriable instead add property nonRetriableErrorCodes with value "-2627" to your deployment descriptor (i.e. weblogic-ra.xml).  To auto retry a retriable fault set these composite.xml properties for this invoke: jca.retry.interval, jca.retry.count, and jca.retry.backoff.  All properties are integers.

	at com.bea.wli.sb.transports.jca.binding.JCATransportOutboundOperationBindingServiceImpl.invoke(JCATransportOutboundOperationBindingServiceImpl.java:171)
	at com.bea.wli.sb.transports.jca.JCATransportEndpoint.sendRequestResponse(JCATransportEndpoint.java:261)
	at com.bea.wli.sb.transports.jca.JCATransportEndpoint.send(JCATransportEndpoint.java:221)
	at com.bea.wli.sb.transports.jca.JCATransportProvider.sendMessageAsync(JCATransportProvider.java:674)
	at sun.reflect.GeneratedMethodAccessor1592.invoke(Unknown Source)
	at sun.reflect.DelegatingMethodAccessorImpl.invoke(DelegatingMethodAccessorImpl.java:43)
	at java.lang.reflect.Method.invoke(Method.java:498)
	at com.bea.wli.sb.transports.Util$1.invoke(Util.java:80)
	at com.sun.proxy.$Proxy253.sendMessageAsync(Unknown Source)
	at com.bea.wli.sb.transports.TransportManagerImpl.sendMessageToService(TransportManagerImpl.java:487)
	at com.bea.wli.sb.transports.TransportManagerImpl.sendMessageAsync(TransportManagerImpl.java:375)
	at com.bea.wli.sb.service.handlerchain.handlers.TransportProviderInvoker.dispatch(TransportProviderInvoker.java:87)
	at com.bea.wli.sb.service.handlerchain.handlers.AbstractHandler.dispatch(AbstractHandler.java:129)
	at com.bea.wli.sb.service.handlerchain.handlers.EndpointManagementHandler.dispatch(EndpointManagementHandler.java:47)
	at com.bea.wli.sb.service.handlerchain.handlers.AbstractHandler.dispatch(AbstractHandler.java:129)
	at com.bea.wli.sb.service.handlerchain.handlers.UpdateOutboundStatistics.dispatch(UpdateOutboundStatistics.java:65)
	at com.bea.wli.sb.service.handlerchain.handlers.LoadBalanceFailover$LoadBalanceFailoverHelper.sendMessageAsync(LoadBalanceFailover.java:422)
	at com.bea.wli.sb.service.handlerchain.handlers.LoadBalanceFailover$LoadBalanceFailoverHelper.sendMessageToServiceAsync(LoadBalanceFailover.java:346)
	at com.bea.wli.sb.service.handlerchain.handlers.LoadBalanceFailover$LoadBalanceFailoverHelper.sendMessageToService(LoadBalanceFailover.java:293)
	at com.bea.wli.sb.service.handlerchain.handlers.LoadBalanceFailover.dispatch(LoadBalanceFailover.java:162)
	at com.bea.wli.sb.service.handlerchain.handlers.AbstractHandler.dispatch(AbstractHandler.java:129)
	at com.bea.wli.sb.service.handlerchain.handlers.OutboundMessageContentHandler.dispatch(OutboundMessageContentHandler.java:70)
	at com.bea.wli.sb.service.handlerchain.handlers.AbstractHandler.dispatch(AbstractHandler.java:129)
	at com.bea.wli.sb.service.handlerchain.handlers.CheckTxDeadlock.dispatch(CheckTxDeadlock.java:54)
	at com.bea.wli.sb.service.handlerchain.handlers.AbstractHandler.dispatch(AbstractHandler.java:129)
	at com.bea.wli.sb.service.handlerchain.handlers.ResultCachingHandler.dispatch(ResultCachingHandler.java:113)
	at com.bea.wli.sb.service.handlerchain.handlers.AbstractHandler.dispatch(AbstractHandler.java:129)
	at com.bea.wli.sb.service.handlerchain.handlers.SetSoapAction.dispatch(SetSoapAction.java:167)
	at com.bea.wli.sb.service.handlerchain.handlers.AbstractHandler.dispatch(AbstractHandler.java:129)
	at com.bea.wli.sb.service.handlerchain.handlers.OutboundMessagePatternHandler.dispatch(OutboundMessagePatternHandler.java:174)
	at com.bea.wli.sb.service.handlerchain.handlers.AbstractHandler.dispatch(AbstractHandler.java:129)
	at com.bea.wli.sb.service.handlerchain.DefaultOutboundHandlerChain.dispatch(DefaultOutboundHandlerChain.java:114)
	at com.bea.wli.sb.service.dispatcher.TransportDispatcher.dispatch(TransportDispatcher.java:58)
	at com.bea.wli.sb.context.PipelineDispatcherClient.dispatch(PipelineDispatcherClient.java:216)
	at com.bea.wli.sb.pipeline.PipelineContextImpl.doDispatch(PipelineContextImpl.java:515)
	at com.bea.wli.sb.pipeline.PipelineContextImpl.dispatch(PipelineContextImpl.java:491)
	at stages.routing.runtime.RouteRuntimeStep.processMessage(RouteRuntimeStep.java:186)
	at com.bea.wli.sb.stages.StageMetadataImpl$WrapperRuntimeStep.processMessage(StageMetadataImpl.java:384)
	at com.bea.wli.sb.pipeline.components.RouteNode.doRequest(RouteNode.java:137)
	at com.bea.wli.sb.pipeline.components.Node.processMessage(Node.java:82)
	at com.bea.wli.sb.pipeline.PipelineContextImpl.execute(PipelineContextImpl.java:902)
	at com.bea.wli.sb.pipeline.components.Router.processMessage(Router.java:209)
	at com.bea.wli.sb.pipeline.MessageProcessor.processRequest(MessageProcessor.java:89)
	at com.bea.wli.sb.pipeline.dispatcher.PipelineDispatcher$1.run(PipelineDispatcher.java:142)
	at com.bea.wli.sb.pipeline.dispatcher.PipelineDispatcher$1.run(PipelineDispatcher.java:138)
	at weblogic.security.acl.internal.AuthenticatedSubject.doAs(AuthenticatedSubject.java:368)
	at weblogic.security.service.SecurityManager.runAs(SecurityManager.java:163)
	at com.bea.wli.sb.util.security.SecurityUtils.executeAs(SecurityUtils.java:102)
	at com.bea.wli.sb.security.WLSSecurityContextService.executeAs(WLSSecurityContextService.java:55)
	at com.bea.wli.sb.pipeline.dispatcher.PipelineDispatcher.dispatch(PipelineDispatcher.java:136)
	at com.bea.wli.sb.service.handlerchain.handlers.ServiceInvoker.dispatch(ServiceInvoker.java:156)
	at com.bea.wli.sb.service.handlerchain.handlers.AbstractHandler.dispatch(AbstractHandler.java:129)
	at com.bea.wli.sb.service.handlerchain.handlers.DefaultInboundErrorHandler.dispatch(DefaultInboundErrorHandler.java:44)
	at com.bea.wli.sb.service.handlerchain.handlers.InboundWsdlRestHandler.dispatch(InboundWsdlRestHandler.java:149)
	at com.bea.wli.sb.service.handlerchain.handlers.AbstractHandler.dispatch(AbstractHandler.java:129)
	at com.bea.wli.sb.service.handlerchain.handlers.UpdateInboundOperationalStatistics.dispatch(UpdateInboundOperationalStatistics.java:75)
	at com.bea.wli.sb.service.handlerchain.handlers.AbstractHandler.dispatch(AbstractHandler.java:129)
	at com.bea.wli.sb.service.handlerchain.handlers.InboundMessageContentHandler.dispatch(InboundMessageContentHandler.java:170)
	at com.bea.wli.sb.service.handlerchain.handlers.AbstractHandler.dispatch(AbstractHandler.java:129)
	at com.bea.wli.sb.service.handlerchain.handlers.CheckAccessControl.dispatch(CheckAccessControl.java:73)
	at com.bea.wli.sb.service.handlerchain.handlers.AbstractHandler.dispatch(AbstractHandler.java:129)
	at com.bea.wli.sb.service.handlerchain.handlers.UpdateInboundTransportStatistics.dispatch(UpdateInboundTransportStatistics.java:64)
	at com.bea.wli.sb.service.handlerchain.handlers.AbstractHandler.dispatch(AbstractHandler.java:129)
	at com.bea.wli.sb.service.handlerchain.handlers.AbstractHandler.dispatch(AbstractHandler.java:129)
	at com.bea.wli.sb.service.handlerchain.handlers.DefaultInboundErrorHandler.dispatch(DefaultInboundErrorHandler.java:44)
	at com.bea.wli.sb.service.handlerchain.DefaultInboundHandlerChain.dispatch(DefaultInboundHandlerChain.java:135)
	at com.bea.wli.sb.transports.TransportDispatcherClient.dispatch(TransportDispatcherClient.java:96)
	at com.bea.wli.sb.transports.TransportManagerImpl.receiveMessage(TransportManagerImpl.java:330)
	at com.bea.wli.sb.transports.http.wls.rest.RuntimeInvoker$1.run(RuntimeInvoker.java:149)
	at com.bea.wli.sb.transports.http.wls.rest.RuntimeInvoker$1.run(RuntimeInvoker.java:146)
	at weblogic.security.acl.internal.AuthenticatedSubject.doAs(AuthenticatedSubject.java:368)
	at weblogic.security.service.SecurityManager.runAs(SecurityManager.java:163)
	at com.bea.wli.sb.util.security.SecurityUtils.executeAs(SecurityUtils.java:102)
	at com.bea.wli.sb.transports.http.wls.rest.RuntimeInvoker.invokeHelper(RuntimeInvoker.java:144)
	at com.bea.wli.sb.transports.http.wls.rest.RuntimeInvoker.invokeAsync(RuntimeInvoker.java:83)
	at _OSB_REST_Resource_7834898473273707866.OtherFeedbackOrderStsCFPOpr(_OSB_REST_Resource_7834898473273707866.java:31)
	at sun.reflect.NativeMethodAccessorImpl.invoke0(Native Method)
	at sun.reflect.NativeMethodAccessorImpl.invoke(NativeMethodAccessorImpl.java:62)
	at sun.reflect.DelegatingMethodAccessorImpl.invoke(DelegatingMethodAccessorImpl.java:43)
	at java.lang.reflect.Method.invoke(Method.java:498)
	at org.glassfish.jersey.server.model.internal.ResourceMethodInvocationHandlerFactory$1.invoke(ResourceMethodInvocationHandlerFactory.java:81)
	at org.glassfish.jersey.server.model.internal.AbstractJavaResourceMethodDispatcher$1.run(AbstractJavaResourceMethodDispatcher.java:144)
	at org.glassfish.jersey.server.model.internal.AbstractJavaResourceMethodDispatcher.invoke(AbstractJavaResourceMethodDispatcher.java:161)
	at org.glassfish.jersey.server.model.internal.JavaResourceMethodDispatcherProvider$VoidOutInvoker.doDispatch(JavaResourceMethodDispatcherProvider.java:143)
	at org.glassfish.jersey.server.model.internal.AbstractJavaResourceMethodDispatcher.dispatch(AbstractJavaResourceMethodDispatcher.java:99)
	at org.glassfish.jersey.server.model.ResourceMethodInvoker.invoke(ResourceMethodInvoker.java:389)
	at org.glassfish.jersey.server.model.ResourceMethodInvoker.apply(ResourceMethodInvoker.java:347)
	at org.glassfish.jersey.server.model.ResourceMethodInvoker.apply(ResourceMethodInvoker.java:102)
	at org.glassfish.jersey.server.ServerRuntime$2.run(ServerRuntime.java:326)
	at org.glassfish.jersey.internal.Errors$1.call(Errors.java:271)
	at org.glassfish.jersey.internal.Errors$1.call(Errors.java:267)
	at org.glassfish.jersey.internal.Errors.process(Errors.java:315)
	at org.glassfish.jersey.internal.Errors.process(Errors.java:297)
	at org.glassfish.jersey.internal.Errors.process(Errors.java:267)
	at org.glassfish.jersey.process.internal.RequestScope.runInScope(RequestScope.java:317)
	at org.glassfish.jersey.server.ServerRuntime.process(ServerRuntime.java:305)
	at org.glassfish.jersey.server.ApplicationHandler.handle(ApplicationHandler.java:1154)
	at org.glassfish.jersey.servlet.WebComponent.serviceImpl(WebComponent.java:473)
	at org.glassfish.jersey.servlet.WebComponent.service(WebComponent.java:427)
	at org.glassfish.jersey.servlet.ServletContainer.service(ServletContainer.java:388)
	at org.glassfish.jersey.servlet.ServletContainer.service(ServletContainer.java:341)
	at org.glassfish.jersey.servlet.ServletContainer.service(ServletContainer.java:228)
	at weblogic.servlet.internal.StubSecurityHelper$ServletServiceAction.run(StubSecurityHelper.java:286)
	at weblogic.servlet.internal.StubSecurityHelper$ServletServiceAction.run(StubSecurityHelper.java:260)
	at weblogic.servlet.internal.StubSecurityHelper.invokeServlet(StubSecurityHelper.java:137)
	at weblogic.servlet.internal.ServletStubImpl.execute(ServletStubImpl.java:350)
	at weblogic.servlet.internal.TailFilter.doFilter(TailFilter.java:25)
	at weblogic.servlet.internal.FilterChainImpl.doFilter(FilterChainImpl.java:78)
	at oracle.dms.servlet.DMSServletFilter.doFilter(DMSServletFilter.java:248)
	at weblogic.servlet.internal.FilterChainImpl.doFilter(FilterChainImpl.java:78)
	at weblogic.servlet.internal.WebAppServletContext$ServletInvocationAction.wrapRun(WebAppServletContext.java:3701)
	at weblogic.servlet.internal.WebAppServletContext$ServletInvocationAction.run(WebAppServletContext.java:3667)
	at weblogic.security.acl.internal.AuthenticatedSubject.doAs(AuthenticatedSubject.java:326)
	at weblogic.security.service.SecurityManager.runAsForUserCode(SecurityManager.java:197)
	at weblogic.servlet.provider.WlsSecurityProvider.runAsForUserCode(WlsSecurityProvider.java:203)
	at weblogic.servlet.provider.WlsSubjectHandle.run(WlsSubjectHandle.java:71)
	at weblogic.servlet.internal.WebAppServletContext.doSecuredExecute(WebAppServletContext.java:2443)
	at weblogic.servlet.internal.WebAppServletContext.securedExecute(WebAppServletContext.java:2291)
	at weblogic.servlet.internal.WebAppServletContext.execute(WebAppServletContext.java:2269)
	at weblogic.servlet.internal.ServletRequestImpl.runInternal(ServletRequestImpl.java:1703)
	at weblogic.servlet.internal.ServletRequestImpl.run(ServletRequestImpl.java:1663)
	at weblogic.servlet.provider.ContainerSupportProviderImpl$WlsRequestExecutor.run(ContainerSupportProviderImpl.java:272)
	at weblogic.invocation.ComponentInvocationContextManager._runAs(ComponentInvocationContextManager.java:352)
	at weblogic.invocation.ComponentInvocationContextManager.runAs(ComponentInvocationContextManager.java:337)
	at weblogic.work.LivePartitionUtility.doRunWorkUnderContext(LivePartitionUtility.java:57)
	at weblogic.work.PartitionUtility.runWorkUnderContext(PartitionUtility.java:41)
	at weblogic.work.SelfTuningWorkManagerImpl.runWorkUnderContext(SelfTuningWorkManagerImpl.java:644)
	at weblogic.work.ExecuteThread.execute(ExecuteThread.java:415)
	at weblogic.work.ExecuteThread.run(ExecuteThread.java:355)
Caused by: oracle.tip.adapter.sa.api.JCABindingException: oracle.tip.adapter.sa.impl.fw.ext.org.collaxa.thirdparty.apache.wsif.WSIFException: servicebus:/CFP/Resources/DBAdapters/OtherFeedbackOrderStsCFP/OtherFeedbackOrderStsCFP.wsdl [ OtherFeedbackOrderStsCFP_ptt::OtherFeedbackOrderStsCFP(InputParameters,OutputParameters) ] - WSIF JCA Execute of operation 'OtherFeedbackOrderStsCFP' failed due to: Stored procedure invocation error.
Error while trying to prepare and execute the CSF.dbo.spHDI_API_FeedbackOrderStatusCFP_OSB API.
An error occurred while preparing and executing the CSF.dbo.spHDI_API_FeedbackOrderStatusCFP_OSB API. Cause: java.sql.SQLIntegrityConstraintViolationException: [FMWGEN][SQLServer JDBC Driver][SQLServer]Violation of PRIMARY KEY constraint 'PK_API_FeedbackOrderStatusCFP'. Cannot insert duplicate key in object 'dbo.API_FeedbackOrderStatusCFP'. The duplicate key value is (9490712653001).
; nested exception is: 
	BINDING.JCA-11811
Stored procedure invocation error.
Error while trying to prepare and execute the CSF.dbo.spHDI_API_FeedbackOrderStatusCFP_OSB API.
An error occurred while preparing and executing the CSF.dbo.spHDI_API_FeedbackOrderStatusCFP_OSB API. Cause: java.sql.SQLIntegrityConstraintViolationException: [FMWGEN][SQLServer JDBC Driver][SQLServer]Violation of PRIMARY KEY constraint 'PK_API_FeedbackOrderStatusCFP'. Cannot insert duplicate key in object 'dbo.API_FeedbackOrderStatusCFP'. The duplicate key value is (9490712653001).
Check to ensure that the API is defined in the database and that the parameters match the signature of the API.  This exception is considered not retriable, likely due to a modelling mistake.  To classify it as retriable instead add property nonRetriableErrorCodes with value "-2627" to your deployment descriptor (i.e. weblogic-ra.xml).  To auto retry a retriable fault set these composite.xml properties for this invoke: jca.retry.interval, jca.retry.count, and jca.retry.backoff.  All properties are integers.

	at oracle.tip.adapter.sa.impl.JCABindingReferenceImpl.request(JCABindingReferenceImpl.java:321)
	at com.bea.wli.sb.transports.jca.binding.JCATransportOutboundOperationBindingServiceImpl.invoke(JCATransportOutboundOperationBindingServiceImpl.java:166)
	... 128 more
Caused by: oracle.tip.adapter.sa.impl.fw.ext.org.collaxa.thirdparty.apache.wsif.WSIFException: servicebus:/CFP/Resources/DBAdapters/OtherFeedbackOrderStsCFP/OtherFeedbackOrderStsCFP.wsdl [ OtherFeedbackOrderStsCFP_ptt::OtherFeedbackOrderStsCFP(InputParameters,OutputParameters) ] - WSIF JCA Execute of operation 'OtherFeedbackOrderStsCFP' failed due to: Stored procedure invocation error.
Error while trying to prepare and execute the CSF.dbo.spHDI_API_FeedbackOrderStatusCFP_OSB API.
An error occurred while preparing and executing the CSF.dbo.spHDI_API_FeedbackOrderStatusCFP_OSB API. Cause: java.sql.SQLIntegrityConstraintViolationException: [FMWGEN][SQLServer JDBC Driver][SQLServer]Violation of PRIMARY KEY constraint 'PK_API_FeedbackOrderStatusCFP'. Cannot insert duplicate key in object 'dbo.API_FeedbackOrderStatusCFP'. The duplicate key value is (9490712653001).
; nested exception is: 
	BINDING.JCA-11811
Stored procedure invocation error.
Error while trying to prepare and execute the CSF.dbo.spHDI_API_FeedbackOrderStatusCFP_OSB API.
An error occurred while preparing and executing the CSF.dbo.spHDI_API_FeedbackOrderStatusCFP_OSB API. Cause: java.sql.SQLIntegrityConstraintViolationException: [FMWGEN][SQLServer JDBC Driver][SQLServer]Violation of PRIMARY KEY constraint 'PK_API_FeedbackOrderStatusCFP'. Cannot insert duplicate key in object 'dbo.API_FeedbackOrderStatusCFP'. The duplicate key value is (9490712653001).
Check to ensure that the API is defined in the database and that the parameters match the signature of the API.  This exception is considered not retriable, likely due to a modelling mistake.  To classify it as retriable instead add property nonRetriableErrorCodes with value "-2627" to your deployment descriptor (i.e. weblogic-ra.xml).  To auto retry a retriable fault set these composite.xml properties for this invoke: jca.retry.interval, jca.retry.count, and jca.retry.backoff.  All properties are integers.

	at oracle.tip.adapter.sa.impl.fw.wsif.jca.WSIFOperation_JCA.performOperation(WSIFOperation_JCA.java:707)
	at oracle.tip.adapter.sa.impl.fw.wsif.jca.WSIFOperation_JCA.executeOperation(WSIFOperation_JCA.java:387)
	at oracle.tip.adapter.sa.impl.fw.wsif.jca.WSIFOperation_JCA.executeRequestResponseOperation(WSIFOperation_JCA.java:346)
	at oracle.tip.adapter.sa.impl.JCABindingReferenceImpl.invokeWsifProvider(JCABindingReferenceImpl.java:418)
	at oracle.tip.adapter.sa.impl.JCABindingReferenceImpl.request(JCABindingReferenceImpl.java:319)
	... 129 more
Caused by: BINDING.JCA-11811
Stored procedure invocation error.
Error while trying to prepare and execute the CSF.dbo.spHDI_API_FeedbackOrderStatusCFP_OSB API.
An error occurred while preparing and executing the CSF.dbo.spHDI_API_FeedbackOrderStatusCFP_OSB API. Cause: java.sql.SQLIntegrityConstraintViolationException: [FMWGEN][SQLServer JDBC Driver][SQLServer]Violation of PRIMARY KEY constraint 'PK_API_FeedbackOrderStatusCFP'. Cannot insert duplicate key in object 'dbo.API_FeedbackOrderStatusCFP'. The duplicate key value is (9490712653001).
Check to ensure that the API is defined in the database and that the parameters match the signature of the API.  This exception is considered not retriable, likely due to a modelling mistake.  To classify it as retriable instead add property nonRetriableErrorCodes with value "-2627" to your deployment descriptor (i.e. weblogic-ra.xml).  To auto retry a retriable fault set these composite.xml properties for this invoke: jca.retry.interval, jca.retry.count, and jca.retry.backoff.  All properties are integers.

	at oracle.tip.adapter.db.exceptions.DBResourceException.createNonRetriableException(DBResourceException.java:690)
	at oracle.tip.adapter.db.exceptions.DBResourceException.createEISException(DBResourceException.java:656)
	at oracle.tip.adapter.db.sp.SPUtil.createResourceException(SPUtil.java:186)
	at oracle.tip.adapter.db.sp.AbstractStoredProcedure.execute(AbstractStoredProcedure.java:150)
	at oracle.tip.adapter.db.sp.SPInteraction.executeStoredProcedure(SPInteraction.java:155)
	at oracle.tip.adapter.db.DBInteraction.executeStoredProcedure(DBInteraction.java:1355)
	at oracle.tip.adapter.db.DBInteraction.execute(DBInteraction.java:306)
	at oracle.tip.adapter.sa.impl.fw.wsif.jca.WSIFOperation_JCA.performOperation(WSIFOperation_JCA.java:576)
	... 133 more
Caused by: java.sql.SQLIntegrityConstraintViolationException: [FMWGEN][SQLServer JDBC Driver][SQLServer]Violation of PRIMARY KEY constraint 'PK_API_FeedbackOrderStatusCFP'. Cannot insert duplicate key in object 'dbo.API_FeedbackOrderStatusCFP'. The duplicate key value is (9490712653001).
	at weblogic.jdbc.sqlserverbase.ddcw.b(Unknown Source)
	at weblogic.jdbc.sqlserverbase.ddcw.a(Unknown Source)
	at weblogic.jdbc.sqlserverbase.ddcv.b(Unknown Source)
	at weblogic.jdbc.sqlserverbase.ddcv.a(Unknown Source)
	at weblogic.jdbc.sqlserver.tds.ddr.v(Unknown Source)
	at weblogic.jdbc.sqlserver.tds.ddr.a(Unknown Source)
	at weblogic.jdbc.sqlserver.tds.ddq.a(Unknown Source)
	at weblogic.jdbc.sqlserver.tds.ddr.c(Unknown Source)
	at weblogic.jdbc.sqlserver.dda3.m(Unknown Source)
	at weblogic.jdbc.sqlserverbase.dde7.e(Unknown Source)
	at weblogic.jdbc.sqlserverbase.dde7.a(Unknown Source)
	at weblogic.jdbc.sqlserverbase.ddd2.a(Unknown Source)
	at weblogic.jdbc.sqlserverbase.dde7.x(Unknown Source)
	at weblogic.jdbc.sqlserverbase.dde7.t(Unknown Source)
	at weblogic.jdbc.sqlserverbase.ddd2.execute(Unknown Source)
	at weblogic.jdbc.wrapper.PreparedStatement.execute(PreparedStatement.java:119)
	at oracle.tip.adapter.db.sp.AbstractStoredProcedure.execute(AbstractStoredProcedure.java:141)
	... 137 more
</err:errorMessage><err:errorCode>OSB-380001</err:errorCode></err:RestError>]]></system-out>
         <system-err><![CDATA[2022-07-18 17:30:05 - [TEST_CASE][FAILED] - Test Cases/CFP/2. other-ins_feedback CFP: Test Cases/CFP/2. other-ins_feedback CFP FAILED.
Reason:
com.kms.katalon.core.exception.StepFailedException: Unable to verify element property value (Root cause: org.xml.sax.SAXParseException; Premature end of file.
	at org.apache.xerces.parsers.AbstractSAXParser.parse(Unknown Source)
	at org.apache.xerces.jaxp.SAXParserImpl$JAXPSAXParser.parse(Unknown Source)
	at Script1.run(Script1.groovy:1)
	at com.kms.katalon.core.webservice.helper.WebServiceCommonHelper.parseAndGetPropertyValueForXml(WebServiceCommonHelper.java:143)
	at com.kms.katalon.core.webservice.keyword.builtin.VerifyElementPropertyValueKeyword$_verifyElementPropertyValue_closure1.doCall(VerifyElementPropertyValueKeyword.groovy:51)
	at com.kms.katalon.core.webservice.keyword.builtin.VerifyElementPropertyValueKeyword$_verifyElementPropertyValue_closure1.call(VerifyElementPropertyValueKeyword.groovy)
	at com.kms.katalon.core.keyword.internal.KeywordMain.runKeyword(KeywordMain.groovy:74)
	at com.kms.katalon.core.webservice.keyword.builtin.VerifyElementPropertyValueKeyword.verifyElementPropertyValue(VerifyElementPropertyValueKeyword.groovy:48)
	at com.kms.katalon.core.webservice.keyword.builtin.VerifyElementPropertyValueKeyword.execute(VerifyElementPropertyValueKeyword.groovy:43)
	at com.kms.katalon.core.keyword.internal.KeywordExecutor.executeKeywordForPlatform(KeywordExecutor.groovy:74)
	at com.kms.katalon.core.webservice.keyword.WSBuiltInKeywords.verifyElementPropertyValue(WSBuiltInKeywords.groovy:175)
	at com.kms.katalon.core.webservice.keyword.WSBuiltInKeywords$verifyElementPropertyValue$0.call(Unknown Source)
	at 2. other-ins_feedback CFP.run(2. other-ins_feedback CFP:44)
	at com.kms.katalon.core.main.ScriptEngine.run(ScriptEngine.java:194)
	at com.kms.katalon.core.main.ScriptEngine.runScriptAsRawText(ScriptEngine.java:119)
	at com.kms.katalon.core.main.TestCaseExecutor.runScript(TestCaseExecutor.java:430)
	at com.kms.katalon.core.main.TestCaseExecutor.doExecute(TestCaseExecutor.java:421)
	at com.kms.katalon.core.main.TestCaseExecutor.processExecutionPhase(TestCaseExecutor.java:400)
	at com.kms.katalon.core.main.TestCaseExecutor.accessMainPhase(TestCaseExecutor.java:392)
	at com.kms.katalon.core.main.TestCaseExecutor.execute(TestCaseExecutor.java:273)
	at com.kms.katalon.core.main.TestSuiteExecutor.accessTestCaseMainPhase(TestSuiteExecutor.java:202)
	at com.kms.katalon.core.main.TestSuiteExecutor.accessTestSuiteMainPhase(TestSuiteExecutor.java:164)
	at com.kms.katalon.core.main.TestSuiteExecutor.execute(TestSuiteExecutor.java:105)
	at com.kms.katalon.core.main.TestCaseMain.startTestSuite(TestCaseMain.java:185)
	at com.kms.katalon.core.main.TestCaseMain$startTestSuite$0.call(Unknown Source)
	at TempTestSuite1658140188899.run(TempTestSuite1658140188899.groovy:36)
)
	at com.kms.katalon.core.keyword.internal.KeywordMain.stepFailed(KeywordMain.groovy:39)
	at com.kms.katalon.core.keyword.internal.KeywordMain.stepFailed(KeywordMain.groovy)
	at com.kms.katalon.core.keyword.internal.KeywordMain.runKeyword(KeywordMain.groovy:76)
	at com.kms.katalon.core.webservice.keyword.builtin.VerifyElementPropertyValueKeyword.verifyElementPropertyValue(VerifyElementPropertyValueKeyword.groovy:48)
	at com.kms.katalon.core.webservice.keyword.builtin.VerifyElementPropertyValueKeyword.execute(VerifyElementPropertyValueKeyword.groovy:43)
	at com.kms.katalon.core.keyword.internal.KeywordExecutor.executeKeywordForPlatform(KeywordExecutor.groovy:74)
	at com.kms.katalon.core.webservice.keyword.WSBuiltInKeywords.verifyElementPropertyValue(WSBuiltInKeywords.groovy:175)
	at com.kms.katalon.core.webservice.keyword.WSBuiltInKeywords$verifyElementPropertyValue$0.call(Unknown Source)
	at 2. other-ins_feedback CFP.run(2. other-ins_feedback CFP:44)
	at com.kms.katalon.core.main.ScriptEngine.run(ScriptEngine.java:194)
	at com.kms.katalon.core.main.ScriptEngine.runScriptAsRawText(ScriptEngine.java:119)
	at com.kms.katalon.core.main.TestCaseExecutor.runScript(TestCaseExecutor.java:430)
	at com.kms.katalon.core.main.TestCaseExecutor.doExecute(TestCaseExecutor.java:421)
	at com.kms.katalon.core.main.TestCaseExecutor.processExecutionPhase(TestCaseExecutor.java:400)
	at com.kms.katalon.core.main.TestCaseExecutor.accessMainPhase(TestCaseExecutor.java:392)
	at com.kms.katalon.core.main.TestCaseExecutor.execute(TestCaseExecutor.java:273)
	at com.kms.katalon.core.main.TestSuiteExecutor.accessTestCaseMainPhase(TestSuiteExecutor.java:202)
	at com.kms.katalon.core.main.TestSuiteExecutor.accessTestSuiteMainPhase(TestSuiteExecutor.java:164)
	at com.kms.katalon.core.main.TestSuiteExecutor.execute(TestSuiteExecutor.java:105)
	at com.kms.katalon.core.main.TestCaseMain.startTestSuite(TestCaseMain.java:185)
	at com.kms.katalon.core.main.TestCaseMain$startTestSuite$0.call(Unknown Source)
	at TempTestSuite1658140188899.run(TempTestSuite1658140188899.groovy:36)
Caused by: org.xml.sax.SAXParseException; Premature end of file.
	at org.apache.xerces.parsers.AbstractSAXParser.parse(Unknown Source)
	at org.apache.xerces.jaxp.SAXParserImpl$JAXPSAXParser.parse(Unknown Source)
	at Script1.run(Script1.groovy:1)
	at com.kms.katalon.core.webservice.helper.WebServiceCommonHelper.parseAndGetPropertyValueForXml(WebServiceCommonHelper.java:143)
	at com.kms.katalon.core.webservice.keyword.builtin.VerifyElementPropertyValueKeyword$_verifyElementPropertyValue_closure1.doCall(VerifyElementPropertyValueKeyword.groovy:51)
	at com.kms.katalon.core.webservice.keyword.builtin.VerifyElementPropertyValueKeyword$_verifyElementPropertyValue_closure1.call(VerifyElementPropertyValueKeyword.groovy)
	at com.kms.katalon.core.keyword.internal.KeywordMain.runKeyword(KeywordMain.groovy:74)
	... 19 more]]></system-err>
      </testcase>
      <testcase name="Test Cases/CFP/2. other-ins_feedback CFP" time="1.789" classname="Test Cases/CFP/2. other-ins_feedback CFP" status="FAILED">
         <failure type="FAILED" message="Test Cases/CFP/2. other-ins_feedback CFP FAILED.
Reason:
com.kms.katalon.core.exception.StepFailedException: Unable to verify element property value (Root cause: org.xml.sax.SAXParseException; Premature end of file.
	at org.apache.xerces.parsers.AbstractSAXParser.parse(Unknown Source)
	at org.apache.xerces.jaxp.SAXParserImpl$JAXPSAXParser.parse(Unknown Source)
	at Script1.run(Script1.groovy:1)
	at com.kms.katalon.core.webservice.helper.WebServiceCommonHelper.parseAndGetPropertyValueForXml(WebServiceCommonHelper.java:143)
	at com.kms.katalon.core.webservice.keyword.builtin.VerifyElementPropertyValueKeyword$_verifyElementPropertyValue_closure1.doCall(VerifyElementPropertyValueKeyword.groovy:51)
	at com.kms.katalon.core.webservice.keyword.builtin.VerifyElementPropertyValueKeyword$_verifyElementPropertyValue_closure1.call(VerifyElementPropertyValueKeyword.groovy)
	at com.kms.katalon.core.keyword.internal.KeywordMain.runKeyword(KeywordMain.groovy:74)
	at com.kms.katalon.core.webservice.keyword.builtin.VerifyElementPropertyValueKeyword.verifyElementPropertyValue(VerifyElementPropertyValueKeyword.groovy:48)
	at com.kms.katalon.core.webservice.keyword.builtin.VerifyElementPropertyValueKeyword.execute(VerifyElementPropertyValueKeyword.groovy:43)
	at com.kms.katalon.core.keyword.internal.KeywordExecutor.executeKeywordForPlatform(KeywordExecutor.groovy:74)
	at com.kms.katalon.core.webservice.keyword.WSBuiltInKeywords.verifyElementPropertyValue(WSBuiltInKeywords.groovy:175)
	at com.kms.katalon.core.webservice.keyword.WSBuiltInKeywords$verifyElementPropertyValue$0.call(Unknown Source)
	at 2. other-ins_feedback CFP.run(2. other-ins_feedback CFP:44)
	at com.kms.katalon.core.main.ScriptEngine.run(ScriptEngine.java:194)
	at com.kms.katalon.core.main.ScriptEngine.runScriptAsRawText(ScriptEngine.java:119)
	at com.kms.katalon.core.main.TestCaseExecutor.runScript(TestCaseExecutor.java:430)
	at com.kms.katalon.core.main.TestCaseExecutor.doExecute(TestCaseExecutor.java:421)
	at com.kms.katalon.core.main.TestCaseExecutor.processExecutionPhase(TestCaseExecutor.java:400)
	at com.kms.katalon.core.main.TestCaseExecutor.accessMainPhase(TestCaseExecutor.java:392)
	at com.kms.katalon.core.main.TestCaseExecutor.execute(TestCaseExecutor.java:273)
	at com.kms.katalon.core.main.TestSuiteExecutor.accessTestCaseMainPhase(TestSuiteExecutor.java:202)
	at com.kms.katalon.core.main.TestSuiteExecutor.accessTestSuiteMainPhase(TestSuiteExecutor.java:164)
	at com.kms.katalon.core.main.TestSuiteExecutor.execute(TestSuiteExecutor.java:105)
	at com.kms.katalon.core.main.TestCaseMain.startTestSuite(TestCaseMain.java:185)
	at com.kms.katalon.core.main.TestCaseMain$startTestSuite$0.call(Unknown Source)
	at TempTestSuite1658140188899.run(TempTestSuite1658140188899.groovy:36)
)
	at com.kms.katalon.core.keyword.internal.KeywordMain.stepFailed(KeywordMain.groovy:39)
	at com.kms.katalon.core.keyword.internal.KeywordMain.stepFailed(KeywordMain.groovy)
	at com.kms.katalon.core.keyword.internal.KeywordMain.runKeyword(KeywordMain.groovy:76)
	at com.kms.katalon.core.webservice.keyword.builtin.VerifyElementPropertyValueKeyword.verifyElementPropertyValue(VerifyElementPropertyValueKeyword.groovy:48)
	at com.kms.katalon.core.webservice.keyword.builtin.VerifyElementPropertyValueKeyword.execute(VerifyElementPropertyValueKeyword.groovy:43)
	at com.kms.katalon.core.keyword.internal.KeywordExecutor.executeKeywordForPlatform(KeywordExecutor.groovy:74)
	at com.kms.katalon.core.webservice.keyword.WSBuiltInKeywords.verifyElementPropertyValue(WSBuiltInKeywords.groovy:175)
	at com.kms.katalon.core.webservice.keyword.WSBuiltInKeywords$verifyElementPropertyValue$0.call(Unknown Source)
	at 2. other-ins_feedback CFP.run(2. other-ins_feedback CFP:44)
	at com.kms.katalon.core.main.ScriptEngine.run(ScriptEngine.java:194)
	at com.kms.katalon.core.main.ScriptEngine.runScriptAsRawText(ScriptEngine.java:119)
	at com.kms.katalon.core.main.TestCaseExecutor.runScript(TestCaseExecutor.java:430)
[...]

	at oracle.tip.adapter.db.exceptions.DBResourceException.createNonRetriableException(DBResourceException.java:690)
	at oracle.tip.adapter.db.exceptions.DBResourceException.createEISException(DBResourceException.java:656)
	at oracle.tip.adapter.db.sp.SPUtil.createResourceException(SPUtil.java:186)
	at oracle.tip.adapter.db.sp.AbstractStoredProcedure.execute(AbstractStoredProcedure.java:150)
	at oracle.tip.adapter.db.sp.SPInteraction.executeStoredProcedure(SPInteraction.java:155)
	at oracle.tip.adapter.db.DBInteraction.executeStoredProcedure(DBInteraction.java:1355)
	at oracle.tip.adapter.db.DBInteraction.execute(DBInteraction.java:306)
	at oracle.tip.adapter.sa.impl.fw.wsif.jca.WSIFOperation_JCA.performOperation(WSIFOperation_JCA.java:576)
	... 132 more
Caused by: java.sql.SQLIntegrityConstraintViolationException: [FMWGEN][SQLServer JDBC Driver][SQLServer]Violation of PRIMARY KEY constraint 'PK_API_FeedbackOrderStatusCFP'. Cannot insert duplicate key in object 'dbo.API_FeedbackOrderStatusCFP'. The duplicate key value is (9490712657001).
	at weblogic.jdbc.sqlserverbase.ddcw.b(Unknown Source)
	at weblogic.jdbc.sqlserverbase.ddcw.a(Unknown Source)
	at weblogic.jdbc.sqlserverbase.ddcv.b(Unknown Source)
	at weblogic.jdbc.sqlserverbase.ddcv.a(Unknown Source)
	at weblogic.jdbc.sqlserver.tds.ddr.v(Unknown Source)
	at weblogic.jdbc.sqlserver.tds.ddr.a(Unknown Source)
	at weblogic.jdbc.sqlserver.tds.ddq.a(Unknown Source)
	at weblogic.jdbc.sqlserver.tds.ddr.c(Unknown Source)
	at weblogic.jdbc.sqlserver.dda3.m(Unknown Source)
	at weblogic.jdbc.sqlserverbase.dde7.e(Unknown Source)
	at weblogic.jdbc.sqlserverbase.dde7.a(Unknown Source)
	at weblogic.jdbc.sqlserverbase.ddd2.a(Unknown Source)
	at weblogic.jdbc.sqlserverbase.dde7.x(Unknown Source)
	at weblogic.jdbc.sqlserverbase.dde7.t(Unknown Source)
	at weblogic.jdbc.sqlserverbase.ddd2.execute(Unknown Source)
	at weblogic.jdbc.wrapper.PreparedStatement.execute(PreparedStatement.java:119)
	at oracle.tip.adapter.db.sp.AbstractStoredProcedure.execute(AbstractStoredProcedure.java:141)
	... 136 more
</err:errorMessage><err:errorCode>OSB-380001</err:errorCode></err:RestError>]]></system-out>
         <system-err><![CDATA[2022-07-18 17:30:11 - [TEST_CASE][FAILED] - Test Cases/CFP/2. other-ins_feedback CFP: Test Cases/CFP/2. other-ins_feedback CFP FAILED.
Reason:
com.kms.katalon.core.exception.StepFailedException: Unable to verify element property value (Root cause: org.xml.sax.SAXParseException; Premature end of file.
	at org.apache.xerces.parsers.AbstractSAXParser.parse(Unknown Source)
	at org.apache.xerces.jaxp.SAXParserImpl$JAXPSAXParser.parse(Unknown Source)
	at Script1.run(Script1.groovy:1)
	at com.kms.katalon.core.webservice.helper.WebServiceCommonHelper.parseAndGetPropertyValueForXml(WebServiceCommonHelper.java:143)
	at com.kms.katalon.core.webservice.keyword.builtin.VerifyElementPropertyValueKeyword$_verifyElementPropertyValue_closure1.doCall(VerifyElementPropertyValueKeyword.groovy:51)
	at com.kms.katalon.core.webservice.keyword.builtin.VerifyElementPropertyValueKeyword$_verifyElementPropertyValue_closure1.call(VerifyElementPropertyValueKeyword.groovy)
	at com.kms.katalon.core.keyword.internal.KeywordMain.runKeyword(KeywordMain.groovy:74)
	at com.kms.katalon.core.webservice.keyword.builtin.VerifyElementPropertyValueKeyword.verifyElementPropertyValue(VerifyElementPropertyValueKeyword.groovy:48)
	at com.kms.katalon.core.webservice.keyword.builtin.VerifyElementPropertyValueKeyword.execute(VerifyElementPropertyValueKeyword.groovy:43)
	at com.kms.katalon.core.keyword.internal.KeywordExecutor.executeKeywordForPlatform(KeywordExecutor.groovy:74)
	at com.kms.katalon.core.webservice.keyword.WSBuiltInKeywords.verifyElementPropertyValue(WSBuiltInKeywords.groovy:175)
	at com.kms.katalon.core.webservice.keyword.WSBuiltInKeywords$verifyElementPropertyValue$0.call(Unknown Source)
	at 2. other-ins_feedback CFP.run(2. other-ins_feedback CFP:44)
	at com.kms.katalon.core.main.ScriptEngine.run(ScriptEngine.java:194)
	at com.kms.katalon.core.main.ScriptEngine.runScriptAsRawText(ScriptEngine.java:119)
	at com.kms.katalon.core.main.TestCaseExecutor.runScript(TestCaseExecutor.java:430)
	at com.kms.katalon.core.main.TestCaseExecutor.doExecute(TestCaseExecutor.java:421)
	at com.kms.katalon.core.main.TestCaseExecutor.processExecutionPhase(TestCaseExecutor.java:400)
	at com.kms.katalon.core.main.TestCaseExecutor.accessMainPhase(TestCaseExecutor.java:392)
	at com.kms.katalon.core.main.TestCaseExecutor.execute(TestCaseExecutor.java:273)
	at com.kms.katalon.core.main.TestSuiteExecutor.accessTestCaseMainPhase(TestSuiteExecutor.java:202)
	at com.kms.katalon.core.main.TestSuiteExecutor.accessTestSuiteMainPhase(TestSuiteExecutor.java:164)
	at com.kms.katalon.core.main.TestSuiteExecutor.execute(TestSuiteExecutor.java:105)
	at com.kms.katalon.core.main.TestCaseMain.startTestSuite(TestCaseMain.java:185)
	at com.kms.katalon.core.main.TestCaseMain$startTestSuite$0.call(Unknown Source)
	at TempTestSuite1658140188899.run(TempTestSuite1658140188899.groovy:36)
)
	at com.kms.katalon.core.keyword.internal.KeywordMain.stepFailed(KeywordMain.groovy:39)
	at com.kms.katalon.core.keyword.internal.KeywordMain.stepFailed(KeywordMain.groovy)
	at com.kms.katalon.core.keyword.internal.KeywordMain.runKeyword(KeywordMain.groovy:76)
	at com.kms.katalon.core.webservice.keyword.builtin.VerifyElementPropertyValueKeyword.verifyElementPropertyValue(VerifyElementPropertyValueKeyword.groovy:48)
	at com.kms.katalon.core.webservice.keyword.builtin.VerifyElementPropertyValueKeyword.execute(VerifyElementPropertyValueKeyword.groovy:43)
	at com.kms.katalon.core.keyword.internal.KeywordExecutor.executeKeywordForPlatform(KeywordExecutor.groovy:74)
	at com.kms.katalon.core.webservice.keyword.WSBuiltInKeywords.verifyElementPropertyValue(WSBuiltInKeywords.groovy:175)
	at com.kms.katalon.core.webservice.keyword.WSBuiltInKeywords$verifyElementPropertyValue$0.call(Unknown Source)
	at 2. other-ins_feedback CFP.run(2. other-ins_feedback CFP:44)
	at com.kms.katalon.core.main.ScriptEngine.run(ScriptEngine.java:194)
	at com.kms.katalon.core.main.ScriptEngine.runScriptAsRawText(ScriptEngine.java:119)
	at com.kms.katalon.core.main.TestCaseExecutor.runScript(TestCaseExecutor.java:430)
	at com.kms.katalon.core.main.TestCaseExecutor.doExecute(TestCaseExecutor.java:421)
	at com.kms.katalon.core.main.TestCaseExecutor.processExecutionPhase(TestCaseExecutor.java:400)
	at com.kms.katalon.core.main.TestCaseExecutor.accessMainPhase(TestCaseExecutor.java:392)
	at com.kms.katalon.core.main.TestCaseExecutor.execute(TestCaseExecutor.java:273)
	at com.kms.katalon.core.main.TestSuiteExecutor.accessTestCaseMainPhase(TestSuiteExecutor.java:202)
	at com.kms.katalon.core.main.TestSuiteExecutor.accessTestSuiteMainPhase(TestSuiteExecutor.java:164)
	at com.kms.katalon.core.main.TestSuiteExecutor.execute(TestSuiteExecutor.java:105)
	at com.kms.katalon.core.main.TestCaseMain.startTestSuite(TestCaseMain.java:185)
	at com.kms.katalon.core.main.TestCaseMain$startTestSuite$0.call(Unknown Source)
	at TempTestSuite1658140188899.run(TempTestSuite1658140188899.groovy:36)
Caused by: org.xml.sax.SAXParseException; Premature end of file.
	at org.apache.xerces.parsers.AbstractSAXParser.parse(Unknown Source)
	at org.apache.xerces.jaxp.SAXParserImpl$JAXPSAXParser.parse(Unknown Source)
	at Script1.run(Script1.groovy:1)
	at com.kms.katalon.core.webservice.helper.WebServiceCommonHelper.parseAndGetPropertyValueForXml(WebServiceCommonHelper.java:143)
	at com.kms.katalon.core.webservice.keyword.builtin.VerifyElementPropertyValueKeyword$_verifyElementPropertyValue_closure1.doCall(VerifyElementPropertyValueKeyword.groovy:51)
	at com.kms.katalon.core.webservice.keyword.builtin.VerifyElementPropertyValueKeyword$_verifyElementPropertyValue_closure1.call(VerifyElementPropertyValueKeyword.groovy)
	at com.kms.katalon.core.keyword.internal.KeywordMain.runKeyword(KeywordMain.groovy:74)
	... 19 more]]></system-err>
      </testcase>
      <system-out><![CDATA[2022-07-18 17:30:05 - [TEST_SUITE][FAILED] - CFP-feedback: Test Cases/CFP/2. other-ins_feedback CFP FAILED.
Reason:
com.kms.katalon.core.exception.StepFailedException: Unable to verify element property value (Root cause: org.xml.sax.SAXParseException; Premature end of file.
	at org.apache.xerces.parsers.AbstractSAXParser.parse(Unknown Source)
	at org.apache.xerces.jaxp.SAXParserImpl$JAXPSAXParser.parse(Unknown Source)
	at Script1.run(Script1.groovy:1)
	at com.kms.katalon.core.webservice.helper.WebServiceCommonHelper.parseAndGetPropertyValueForXml(WebServiceCommonHelper.java:143)
	at com.kms.katalon.core.webservice.keyword.builtin.VerifyElementPropertyValueKeyword$_verifyElementPropertyValue_closure1.doCall(VerifyElementPropertyValueKeyword.groovy:51)
	at com.kms.katalon.core.webservice.keyword.builtin.VerifyElementPropertyValueKeyword$_verifyElementPropertyValue_closure1.call(VerifyElementPropertyValueKeyword.groovy)
	at com.kms.katalon.core.keyword.internal.KeywordMain.runKeyword(KeywordMain.groovy:74)
	at com.kms.katalon.core.webservice.keyword.builtin.VerifyElementPropertyValueKeyword.verifyElementPropertyValue(VerifyElementPropertyValueKeyword.groovy:48)
	at com.kms.katalon.core.webservice.keyword.builtin.VerifyElementPropertyValueKeyword.execute(VerifyElementPropertyValueKeyword.groovy:43)
	at com.kms.katalon.core.keyword.internal.KeywordExecutor.executeKeywordForPlatform(KeywordExecutor.groovy:74)
	at com.kms.katalon.core.webservice.keyword.WSBuiltInKeywords.verifyElementPropertyValue(WSBuiltInKeywords.groovy:175)
	at com.kms.katalon.core.webservice.keyword.WSBuiltInKeywords$verifyElementPropertyValue$0.call(Unknown Source)
	at 2. other-ins_feedback CFP.run(2. other-ins_feedback CFP:44)
	at com.kms.katalon.core.main.ScriptEngine.run(ScriptEngine.java:194)
	at com.kms.katalon.core.main.ScriptEngine.runScriptAsRawText(ScriptEngine.java:119)
	at com.kms.katalon.core.main.TestCaseExecutor.runScript(TestCaseExecutor.java:430)
	at com.kms.katalon.core.main.TestCaseExecutor.doExecute(TestCaseExecutor.java:421)
	at com.kms.katalon.core.main.TestCaseExecutor.processExecutionPhase(TestCaseExecutor.java:400)
	at com.kms.katalon.core.main.TestCaseExecutor.accessMainPhase(TestCaseExecutor.java:392)
	at com.kms.katalon.core.main.TestCaseExecutor.execute(TestCaseExecutor.java:273)
	at com.kms.katalon.core.main.TestSuiteExecutor.accessTestCaseMainPhase(TestSuiteExecutor.java:202)
	at com.kms.katalon.core.main.TestSuiteExecutor.accessTestSuiteMainPhase(TestSuiteExecutor.java:164)
	at com.kms.katalon.core.main.TestSuiteExecutor.execute(TestSuiteExecutor.java:105)
	at com.kms.katalon.core.main.TestCaseMain.startTestSuite(TestCaseMain.java:185)
	at com.kms.katalon.core.main.TestCaseMain$startTestSuite$0.call(Unknown Source)
	at TempTestSuite1658140188899.run(TempTestSuite1658140188899.groovy:36)
)
	at com.kms.katalon.core.keyword.internal.KeywordMain.stepFailed(KeywordMain.groovy:39)
	at com.kms.katalon.core.keyword.internal.KeywordMain.stepFailed(KeywordMain.groovy)
	at com.kms.katalon.core.keyword.internal.KeywordMain.runKeyword(KeywordMain.groovy:76)
	at com.kms.katalon.core.webservice.keyword.builtin.VerifyElementPropertyValueKeyword.verifyElementPropertyValue(VerifyElementPropertyValueKeyword.groovy:48)
	at com.kms.katalon.core.webservice.keyword.builtin.VerifyElementPropertyValueKeyword.execute(VerifyElementPropertyValueKeyword.groovy:43)
	at com.kms.katalon.core.keyword.internal.KeywordExecutor.executeKeywordForPlatform(KeywordExecutor.groovy:74)
	at com.kms.katalon.core.webservice.keyword.WSBuiltInKeywords.verifyElementPropertyValue(WSBuiltInKeywords.groovy:175)
	at com.kms.katalon.core.webservice.keyword.WSBuiltInKeywords$verifyElementPropertyValue$0.call(Unknown Source)
	at 2. other-ins_feedback CFP.run(2. other-ins_feedback CFP:44)
	at com.kms.katalon.core.main.ScriptEngine.run(ScriptEngine.java:194)
	at com.kms.katalon.core.main.ScriptEngine.runScriptAsRawText(ScriptEngine.java:119)
	at com.kms.katalon.core.main.TestCaseExecutor.runScript(TestCaseExecutor.java:430)
	at com.kms.katalon.core.main.TestCaseExecutor.doExecute(TestCaseExecutor.java:421)
	at com.kms.katalon.core.main.TestCaseExecutor.processExecutionPhase(TestCaseExecutor.java:400)
	at com.kms.katalon.core.main.TestCaseExecutor.accessMainPhase(TestCaseExecutor.java:392)
	at com.kms.katalon.core.main.TestCaseExecutor.execute(TestCaseExecutor.java:273)
	at com.kms.katalon.core.main.TestSuiteExecutor.accessTestCaseMainPhase(TestSuiteExecutor.java:202)
	at com.kms.katalon.core.main.TestSuiteExecutor.accessTestSuiteMainPhase(TestSuiteExecutor.java:164)
	at com.kms.katalon.core.main.TestSuiteExecutor.execute(TestSuiteExecutor.java:105)
	at com.kms.katalon.core.main.TestCaseMain.startTestSuite(TestCaseMain.java:185)
	at com.kms.katalon.core.main.TestCaseMain$startTestSuite$0.call(Unknown Source)
	at TempTestSuite1658140188899.run(TempTestSuite1658140188899.groovy:36)
Caused by: org.xml.sax.SAXParseException; Premature end of file.
	at org.apache.xerces.parsers.AbstractSAXParser.parse(Unknown Source)
	at org.apache.xerces.jaxp.SAXParserImpl$JAXPSAXParser.parse(Unknown Source)
	at Script1.run(Script1.groovy:1)
	at com.kms.katalon.core.webservice.helper.WebServiceCommonHelper.parseAndGetPropertyValueForXml(WebServiceCommonHelper.java:143)
	at com.kms.katalon.core.webservice.keyword.builtin.VerifyElementPropertyValueKeyword$_verifyElementPropertyValue_closure1.doCall(VerifyElementPropertyValueKeyword.groovy:51)
	at com.kms.katalon.core.webservice.keyword.builtin.VerifyElementPropertyValueKeyword$_verifyElementPropertyValue_closure1.call(VerifyElementPropertyValueKeyword.groovy)
	at com.kms.katalon.core.keyword.internal.KeywordMain.runKeyword(KeywordMain.groovy:74)
	... 19 more]]></system-out>
      <system-err><![CDATA[2022-07-18 17:30:05 - [TEST_SUITE][FAILED] - CFP-feedback: Test Cases/CFP/2. other-ins_feedback CFP FAILED.
Reason:
com.kms.katalon.core.exception.StepFailedException: Unable to verify element property value (Root cause: org.xml.sax.SAXParseException; Premature end of file.
	at org.apache.xerces.parsers.AbstractSAXParser.parse(Unknown Source)
	at org.apache.xerces.jaxp.SAXParserImpl$JAXPSAXParser.parse(Unknown Source)
	at Script1.run(Script1.groovy:1)
	at com.kms.katalon.core.webservice.helper.WebServiceCommonHelper.parseAndGetPropertyValueForXml(WebServiceCommonHelper.java:143)
	at com.kms.katalon.core.webservice.keyword.builtin.VerifyElementPropertyValueKeyword$_verifyElementPropertyValue_closure1.doCall(VerifyElementPropertyValueKeyword.groovy:51)
	at com.kms.katalon.core.webservice.keyword.builtin.VerifyElementPropertyValueKeyword$_verifyElementPropertyValue_closure1.call(VerifyElementPropertyValueKeyword.groovy)
	at com.kms.katalon.core.keyword.internal.KeywordMain.runKeyword(KeywordMain.groovy:74)
	at com.kms.katalon.core.webservice.keyword.builtin.VerifyElementPropertyValueKeyword.verifyElementPropertyValue(VerifyElementPropertyValueKeyword.groovy:48)
	at com.kms.katalon.core.webservice.keyword.builtin.VerifyElementPropertyValueKeyword.execute(VerifyElementPropertyValueKeyword.groovy:43)
	at com.kms.katalon.core.keyword.internal.KeywordExecutor.executeKeywordForPlatform(KeywordExecutor.groovy:74)
	at com.kms.katalon.core.webservice.keyword.WSBuiltInKeywords.verifyElementPropertyValue(WSBuiltInKeywords.groovy:175)
	at com.kms.katalon.core.webservice.keyword.WSBuiltInKeywords$verifyElementPropertyValue$0.call(Unknown Source)
	at 2. other-ins_feedback CFP.run(2. other-ins_feedback CFP:44)
	at com.kms.katalon.core.main.ScriptEngine.run(ScriptEngine.java:194)
	at com.kms.katalon.core.main.ScriptEngine.runScriptAsRawText(ScriptEngine.java:119)
	at com.kms.katalon.core.main.TestCaseExecutor.runScript(TestCaseExecutor.java:430)
	at com.kms.katalon.core.main.TestCaseExecutor.doExecute(TestCaseExecutor.java:421)
	at com.kms.katalon.core.main.TestCaseExecutor.processExecutionPhase(TestCaseExecutor.java:400)
	at com.kms.katalon.core.main.TestCaseExecutor.accessMainPhase(TestCaseExecutor.java:392)
	at com.kms.katalon.core.main.TestCaseExecutor.execute(TestCaseExecutor.java:273)
	at com.kms.katalon.core.main.TestSuiteExecutor.accessTestCaseMainPhase(TestSuiteExecutor.java:202)
	at com.kms.katalon.core.main.TestSuiteExecutor.accessTestSuiteMainPhase(TestSuiteExecutor.java:164)
	at com.kms.katalon.core.main.TestSuiteExecutor.execute(TestSuiteExecutor.java:105)
	at com.kms.katalon.core.main.TestCaseMain.startTestSuite(TestCaseMain.java:185)
	at com.kms.katalon.core.main.TestCaseMain$startTestSuite$0.call(Unknown Source)
	at TempTestSuite1658140188899.run(TempTestSuite1658140188899.groovy:36)
)
	at com.kms.katalon.core.keyword.internal.KeywordMain.stepFailed(KeywordMain.groovy:39)
	at com.kms.katalon.core.keyword.internal.KeywordMain.stepFailed(KeywordMain.groovy)
	at com.kms.katalon.core.keyword.internal.KeywordMain.runKeyword(KeywordMain.groovy:76)
	at com.kms.katalon.core.webservice.keyword.builtin.VerifyElementPropertyValueKeyword.verifyElementPropertyValue(VerifyElementPropertyValueKeyword.groovy:48)
	at com.kms.katalon.core.webservice.keyword.builtin.VerifyElementPropertyValueKeyword.execute(VerifyElementPropertyValueKeyword.groovy:43)
	at com.kms.katalon.core.keyword.internal.KeywordExecutor.executeKeywordForPlatform(KeywordExecutor.groovy:74)
	at com.kms.katalon.core.webservice.keyword.WSBuiltInKeywords.verifyElementPropertyValue(WSBuiltInKeywords.groovy:175)
	at com.kms.katalon.core.webservice.keyword.WSBuiltInKeywords$verifyElementPropertyValue$0.call(Unknown Source)
	at 2. other-ins_feedback CFP.run(2. other-ins_feedback CFP:44)
	at com.kms.katalon.core.main.ScriptEngine.run(ScriptEngine.java:194)
	at com.kms.katalon.core.main.ScriptEngine.runScriptAsRawText(ScriptEngine.java:119)
	at com.kms.katalon.core.main.TestCaseExecutor.runScript(TestCaseExecutor.java:430)
	at com.kms.katalon.core.main.TestCaseExecutor.doExecute(TestCaseExecutor.java:421)
	at com.kms.katalon.core.main.TestCaseExecutor.processExecutionPhase(TestCaseExecutor.java:400)
	at com.kms.katalon.core.main.TestCaseExecutor.accessMainPhase(TestCaseExecutor.java:392)
	at com.kms.katalon.core.main.TestCaseExecutor.execute(TestCaseExecutor.java:273)
	at com.kms.katalon.core.main.TestSuiteExecutor.accessTestCaseMainPhase(TestSuiteExecutor.java:202)
	at com.kms.katalon.core.main.TestSuiteExecutor.accessTestSuiteMainPhase(TestSuiteExecutor.java:164)
	at com.kms.katalon.core.main.TestSuiteExecutor.execute(TestSuiteExecutor.java:105)
	at com.kms.katalon.core.main.TestCaseMain.startTestSuite(TestCaseMain.java:185)
	at com.kms.katalon.core.main.TestCaseMain$startTestSuite$0.call(Unknown Source)
	at TempTestSuite1658140188899.run(TempTestSuite1658140188899.groovy:36)
Caused by: org.xml.sax.SAXParseException; Premature end of file.
	at org.apache.xerces.parsers.AbstractSAXParser.parse(Unknown Source)
	at org.apache.xerces.jaxp.SAXParserImpl$JAXPSAXParser.parse(Unknown Source)
	at Script1.run(Script1.groovy:1)
	at com.kms.katalon.core.webservice.helper.WebServiceCommonHelper.parseAndGetPropertyValueForXml(WebServiceCommonHelper.java:143)
	at com.kms.katalon.core.webservice.keyword.builtin.VerifyElementPropertyValueKeyword$_verifyElementPropertyValue_closure1.doCall(VerifyElementPropertyValueKeyword.groovy:51)
	at com.kms.katalon.core.webservice.keyword.builtin.VerifyElementPropertyValueKeyword$_verifyElementPropertyValue_closure1.call(VerifyElementPropertyValueKeyword.groovy)
	at com.kms.katalon.core.keyword.internal.KeywordMain.runKeyword(KeywordMain.groovy:74)
	... 19 more]]></system-err>
   </testsuite>
</testsuites>
